#
# A fatal error has been detected by the Java Runtime Environment:
#
#  EXCEPTION_ACCESS_VIOLATION (0xc0000005) at pc=0x000000006b3ba9e6, pid=27508, tid=0x0000000000005f50
#
# JRE version: Java(TM) SE Runtime Environment (8.0_371) (build 1.8.0_371-b11)
# Java VM: Java HotSpot(TM) 64-Bit Server VM (25.371-b11 mixed mode windows-amd64 compressed oops)
# Problematic frame:
# V  [jvm.dll+0x11a9e6]
#
# Failed to write core dump. Minidumps are not enabled by default on client versions of Windows
#
# If you would like to submit a bug report, please visit:
#   http://bugreport.java.com/bugreport/crash.jsp
#

---------------  T H R E A D  ---------------

Current thread (0x0000023a4edcc800):  GCTaskThread [stack: 0x000000c9c5000000,0x000000c9c5100000] [id=24400]

siginfo: ExceptionCode=0xc0000005, reading address 0xffffffffffffffff

Registers:
RAX=0x0000023a60e20000, RBX=0x000000078b69e480, RCX=0x0000000000000000, RDX=0x0000000000000005
RSP=0x000000c9c50ff360, RBP=0x00000007c002e870, RSI=0x0000023a4edcf340, RDI=0x000000038951d428
R8 =0x007ffffffea1f8ea, R9 =0x0000023a4edcf340, R10=0x000000000001e3b8, R11=0x000000078b69e498
R12=0x0000000000000000, R13=0x000000078b69e450, R14=0x000000078b69e488, R15=0x00000007c002e878
RIP=0x000000006b3ba9e6, EFLAGS=0x0000000000010206

Top of Stack: (sp=0x000000c9c50ff360)
0x000000c9c50ff360:   0000023a6f194e00 000000006b3caf67
0x000000c9c50ff370:   00000000000003d8 00000007c0005b88
0x000000c9c50ff380:   0000023a4edccfc8 0000023a4edccbf0
0x000000c9c50ff390:   0000023a4edc8510 000000006b68b13e
0x000000c9c50ff3a0:   0000023a4edccbf0 0000023a4edcf340
0x000000c9c50ff3b0:   000000000001e3b7 0000023a4edcf340
0x000000c9c50ff3c0:   00000f0a00000301 0000000000000001
0x000000c9c50ff3d0:   000006240fd47f80 000000c9c50ff469
0x000000c9c50ff3e0:   0000023a4edccfc8 0000023a4edccbf0
0x000000c9c50ff3f0:   00000000000003d8 0000023a4edc8510
0x000000c9c50ff400:   0000023a4edccbe0 0000023a76290600
0x000000c9c50ff410:   0000023a4edcf340 000000006b688c6f
0x000000c9c50ff420:   000000078b69e450 000334d90001e358
0x000000c9c50ff430:   0000023a4eda9900 000000006b4bc6e5
0x000000c9c50ff440:   000000006b8edbc8 000000c9c50ff400
0x000000c9c50ff450:   0000023a4edcf340 000000006b890fa8 

Instructions: (pc=0x000000006b3ba9e6)
0x000000006b3ba9c6:   05 b5 2f 71 00 49 c1 e8 03 49 d3 e8 41 0f b6 c0
0x000000006b3ba9d6:   49 c1 e8 06 24 3f 0f b6 d0 48 8b 05 ca 2f 71 00
0x000000006b3ba9e6:   4a 8b 0c c0 48 0f a3 d1 72 27 48 8b cf e8 18 f8
0x000000006b3ba9f6:   ff ff 84 c0 74 1b 48 8b d7 48 8b ce e8 d9 88 00 


Register to memory mapping:

RAX=0x0000023a60e20000 is an unknown value
RBX=0x000000078b69e480 is an oop

[error occurred during error reporting (printing register info), id 0xc0000005]

Stack: [0x000000c9c5000000,0x000000c9c5100000],  sp=0x000000c9c50ff360,  free space=1020k
Native frames: (J=compiled Java code, j=interpreted, Vv=VM code, C=native code)
V  [jvm.dll+0x11a9e6]
V  [jvm.dll+0x3eb13e]
V  [jvm.dll+0x3e8c6f]
V  [jvm.dll+0x3e6499]
V  [jvm.dll+0x2a76ac]
C  [ucrtbase.dll+0x21bb2]
C  [KERNEL32.DLL+0x17374]
C  [ntdll.dll+0x4cc91]


---------------  P R O C E S S  ---------------

Java Threads: ( => current thread )
  0x0000023a7a167000 JavaThread "schedule-pool-4" daemon [_thread_blocked, id=28572, stack(0x000000c9cff00000,0x000000c9d0000000)]
  0x0000023a735b9800 JavaThread "schedule-pool-3" daemon [_thread_blocked, id=24064, stack(0x000000c9cfe00000,0x000000c9cff00000)]
  0x0000023a79f48800 JavaThread "schedule-pool-2" daemon [_thread_blocked, id=6816, stack(0x000000c9cfd00000,0x000000c9cfe00000)]
  0x0000023a79fa7000 JavaThread "schedule-pool-1" daemon [_thread_blocked, id=9292, stack(0x000000c9cfc00000,0x000000c9cfd00000)]
  0x0000023a735b7800 JavaThread "lettuce-nioEventLoop-52-8" daemon [_thread_in_native, id=19152, stack(0x000000c9cfb00000,0x000000c9cfc00000)]
  0x0000023a76bb5000 JavaThread "lettuce-nioEventLoop-52-7" daemon [_thread_in_native, id=23676, stack(0x000000c9cfa00000,0x000000c9cfb00000)]
  0x0000023a71932800 JavaThread "lettuce-nioEventLoop-52-6" daemon [_thread_in_native, id=14568, stack(0x000000c9cf900000,0x000000c9cfa00000)]
  0x0000023a79fa4800 JavaThread "lettuce-nioEventLoop-52-5" daemon [_thread_in_native, id=16276, stack(0x000000c9cf600000,0x000000c9cf700000)]
  0x0000023a772e7000 JavaThread "lettuce-nioEventLoop-52-4" daemon [_thread_in_native, id=25024, stack(0x000000c9c4800000,0x000000c9c4900000)]
  0x0000023a772ed800 JavaThread "lettuce-nioEventLoop-52-3" daemon [_thread_in_native, id=14792, stack(0x000000c9cf800000,0x000000c9cf900000)]
  0x0000023a772ee800 JavaThread "lettuce-nioEventLoop-52-2" daemon [_thread_in_native, id=26036, stack(0x000000c9cf700000,0x000000c9cf800000)]
  0x0000023a772ed000 JavaThread "http-nio-8202-Acceptor" daemon [_thread_in_native, id=5868, stack(0x000000c9cf500000,0x000000c9cf600000)]
  0x0000023a772ec000 JavaThread "http-nio-8202-Poller" daemon [_thread_in_native, id=23612, stack(0x000000c9cf400000,0x000000c9cf500000)]
  0x0000023a772e3000 JavaThread "http-nio-8202-exec-100" daemon [_thread_blocked, id=17956, stack(0x000000c9cf300000,0x000000c9cf400000)]
  0x0000023a772e7800 JavaThread "http-nio-8202-exec-99" daemon [_thread_blocked, id=17192, stack(0x000000c9cf200000,0x000000c9cf300000)]
  0x0000023a772e1000 JavaThread "http-nio-8202-exec-98" daemon [_thread_blocked, id=19956, stack(0x000000c9cf100000,0x000000c9cf200000)]
  0x0000023a772e0000 JavaThread "http-nio-8202-exec-97" daemon [_thread_blocked, id=23320, stack(0x000000c9cf000000,0x000000c9cf100000)]
  0x0000023a772e6000 JavaThread "http-nio-8202-exec-96" daemon [_thread_blocked, id=22304, stack(0x000000c9cef00000,0x000000c9cf000000)]
  0x0000023a772e4800 JavaThread "http-nio-8202-exec-95" daemon [_thread_blocked, id=20732, stack(0x000000c9cee00000,0x000000c9cef00000)]
  0x0000023a772e1800 JavaThread "http-nio-8202-exec-94" daemon [_thread_blocked, id=18596, stack(0x000000c9ced00000,0x000000c9cee00000)]
  0x0000023a7caf3000 JavaThread "http-nio-8202-exec-93" daemon [_thread_blocked, id=18068, stack(0x000000c9cec00000,0x000000c9ced00000)]
  0x0000023a7caf2000 JavaThread "http-nio-8202-exec-92" daemon [_thread_blocked, id=24460, stack(0x000000c9ceb00000,0x000000c9cec00000)]
  0x0000023a7caf0800 JavaThread "http-nio-8202-exec-91" daemon [_thread_blocked, id=24348, stack(0x000000c9cea00000,0x000000c9ceb00000)]
  0x0000023a7caf4800 JavaThread "http-nio-8202-exec-90" daemon [_thread_blocked, id=6516, stack(0x000000c9ce900000,0x000000c9cea00000)]
  0x0000023a7caf3800 JavaThread "http-nio-8202-exec-89" daemon [_thread_blocked, id=23672, stack(0x000000c9ce800000,0x000000c9ce900000)]
  0x0000023a7caf0000 JavaThread "http-nio-8202-exec-88" daemon [_thread_blocked, id=25184, stack(0x000000c9ce700000,0x000000c9ce800000)]
  0x0000023a7caea800 JavaThread "http-nio-8202-exec-87" daemon [_thread_blocked, id=10084, stack(0x000000c9ce600000,0x000000c9ce700000)]
  0x0000023a7caee800 JavaThread "http-nio-8202-exec-86" daemon [_thread_blocked, id=3088, stack(0x000000c9ce500000,0x000000c9ce600000)]
  0x0000023a7cae6000 JavaThread "http-nio-8202-exec-85" daemon [_thread_blocked, id=26192, stack(0x000000c9ce400000,0x000000c9ce500000)]
  0x0000023a7caec800 JavaThread "http-nio-8202-exec-84" daemon [_thread_blocked, id=4620, stack(0x000000c9ce300000,0x000000c9ce400000)]
  0x0000023a7cae9800 JavaThread "http-nio-8202-exec-83" daemon [_thread_blocked, id=17380, stack(0x000000c9ce200000,0x000000c9ce300000)]
  0x0000023a7cae7800 JavaThread "http-nio-8202-exec-82" daemon [_thread_blocked, id=21540, stack(0x000000c9ce100000,0x000000c9ce200000)]
  0x0000023a7caeb000 JavaThread "http-nio-8202-exec-81" daemon [_thread_blocked, id=21160, stack(0x000000c9ce000000,0x000000c9ce100000)]
  0x0000023a7cae5000 JavaThread "http-nio-8202-exec-80" daemon [_thread_blocked, id=27216, stack(0x000000c9cdf00000,0x000000c9ce000000)]
  0x0000023a7cae9000 JavaThread "http-nio-8202-exec-79" daemon [_thread_blocked, id=20160, stack(0x000000c9cde00000,0x000000c9cdf00000)]
  0x0000023a7cae8000 JavaThread "http-nio-8202-exec-78" daemon [_thread_blocked, id=24388, stack(0x000000c9cdd00000,0x000000c9cde00000)]
  0x0000023a7cae6800 JavaThread "http-nio-8202-exec-77" daemon [_thread_blocked, id=1716, stack(0x000000c9cdc00000,0x000000c9cdd00000)]
  0x0000023a766e5000 JavaThread "http-nio-8202-exec-76" daemon [_thread_blocked, id=10480, stack(0x000000c9cdb00000,0x000000c9cdc00000)]
  0x0000023a766eb000 JavaThread "http-nio-8202-exec-75" daemon [_thread_blocked, id=16716, stack(0x000000c9cda00000,0x000000c9cdb00000)]
  0x0000023a766e6000 JavaThread "http-nio-8202-exec-74" daemon [_thread_blocked, id=24020, stack(0x000000c9cd900000,0x000000c9cda00000)]
  0x0000023a766ea800 JavaThread "http-nio-8202-exec-73" daemon [_thread_blocked, id=1828, stack(0x000000c9cd800000,0x000000c9cd900000)]
  0x0000023a766e8000 JavaThread "http-nio-8202-exec-72" daemon [_thread_blocked, id=1892, stack(0x000000c9cd700000,0x000000c9cd800000)]
  0x0000023a766e3800 JavaThread "http-nio-8202-exec-71" daemon [_thread_blocked, id=15444, stack(0x000000c9cd600000,0x000000c9cd700000)]
  0x0000023a766e7800 JavaThread "http-nio-8202-exec-70" daemon [_thread_blocked, id=18080, stack(0x000000c9cd500000,0x000000c9cd600000)]
  0x0000023a766e4800 JavaThread "http-nio-8202-exec-69" daemon [_thread_blocked, id=21996, stack(0x000000c9cd400000,0x000000c9cd500000)]
  0x0000023a766dc000 JavaThread "http-nio-8202-exec-68" daemon [_thread_blocked, id=5532, stack(0x000000c9cd300000,0x000000c9cd400000)]
  0x0000023a766df000 JavaThread "http-nio-8202-exec-67" daemon [_thread_blocked, id=22804, stack(0x000000c9cd200000,0x000000c9cd300000)]
  0x0000023a766de800 JavaThread "http-nio-8202-exec-66" daemon [_thread_blocked, id=20136, stack(0x000000c9cd100000,0x000000c9cd200000)]
  0x0000023a766e2000 JavaThread "http-nio-8202-exec-65" daemon [_thread_blocked, id=25144, stack(0x000000c9cd000000,0x000000c9cd100000)]
  0x0000023a766dd800 JavaThread "http-nio-8202-exec-64" daemon [_thread_blocked, id=23644, stack(0x000000c9ccf00000,0x000000c9cd000000)]
  0x0000023a766dd000 JavaThread "http-nio-8202-exec-63" daemon [_thread_blocked, id=18836, stack(0x000000c9cce00000,0x000000c9ccf00000)]
  0x0000023a766e0800 JavaThread "http-nio-8202-exec-62" daemon [_thread_blocked, id=17636, stack(0x000000c9ccd00000,0x000000c9cce00000)]
  0x0000023a766e1800 JavaThread "http-nio-8202-exec-61" daemon [_thread_blocked, id=23452, stack(0x000000c9ccc00000,0x000000c9ccd00000)]
  0x0000023a766e3000 JavaThread "http-nio-8202-exec-60" daemon [_thread_blocked, id=5480, stack(0x000000c9ccb00000,0x000000c9ccc00000)]
  0x0000023a0064c000 JavaThread "http-nio-8202-exec-59" daemon [_thread_blocked, id=24252, stack(0x000000c9cca00000,0x000000c9ccb00000)]
  0x0000023a0064b800 JavaThread "http-nio-8202-exec-58" daemon [_thread_blocked, id=27312, stack(0x000000c9cc900000,0x000000c9cca00000)]
  0x0000023a0064a800 JavaThread "http-nio-8202-exec-57" daemon [_thread_blocked, id=27192, stack(0x000000c9cc800000,0x000000c9cc900000)]
  0x0000023a00649000 JavaThread "http-nio-8202-exec-56" daemon [_thread_blocked, id=26712, stack(0x000000c9cc700000,0x000000c9cc800000)]
  0x0000023a00648800 JavaThread "http-nio-8202-exec-55" daemon [_thread_blocked, id=10068, stack(0x000000c9cc600000,0x000000c9cc700000)]
  0x0000023a00640800 JavaThread "http-nio-8202-exec-54" daemon [_thread_blocked, id=15636, stack(0x000000c9cc500000,0x000000c9cc600000)]
  0x0000023a00647800 JavaThread "http-nio-8202-exec-53" daemon [_thread_blocked, id=2428, stack(0x000000c9cc400000,0x000000c9cc500000)]
  0x0000023a00644800 JavaThread "http-nio-8202-exec-52" daemon [_thread_blocked, id=19176, stack(0x000000c9cc300000,0x000000c9cc400000)]
  0x0000023a00646800 JavaThread "http-nio-8202-exec-51" daemon [_thread_blocked, id=21676, stack(0x000000c9cc200000,0x000000c9cc300000)]
  0x0000023a0063d000 JavaThread "http-nio-8202-exec-50" daemon [_thread_blocked, id=22160, stack(0x000000c9cc100000,0x000000c9cc200000)]
  0x0000023a00640000 JavaThread "http-nio-8202-exec-49" daemon [_thread_blocked, id=19988, stack(0x000000c9cc000000,0x000000c9cc100000)]
  0x0000023a00641800 JavaThread "http-nio-8202-exec-48" daemon [_thread_blocked, id=18608, stack(0x000000c9cbf00000,0x000000c9cc000000)]
  0x0000023a00643800 JavaThread "http-nio-8202-exec-47" daemon [_thread_blocked, id=22276, stack(0x000000c9cbe00000,0x000000c9cbf00000)]
  0x0000023a0063f000 JavaThread "http-nio-8202-exec-46" daemon [_thread_blocked, id=11988, stack(0x000000c9cbd00000,0x000000c9cbe00000)]
  0x0000023a0063e800 JavaThread "http-nio-8202-exec-45" daemon [_thread_blocked, id=9804, stack(0x000000c9cbc00000,0x000000c9cbd00000)]
  0x0000023a00642000 JavaThread "http-nio-8202-exec-44" daemon [_thread_blocked, id=7612, stack(0x000000c9cbb00000,0x000000c9cbc00000)]
  0x0000023a0063d800 JavaThread "http-nio-8202-exec-43" daemon [_thread_blocked, id=22616, stack(0x000000c9cba00000,0x000000c9cbb00000)]
  0x0000023a7b083800 JavaThread "http-nio-8202-exec-42" daemon [_thread_blocked, id=4276, stack(0x000000c9cb900000,0x000000c9cba00000)]
  0x0000023a7b082800 JavaThread "http-nio-8202-exec-41" daemon [_thread_blocked, id=19208, stack(0x000000c9cb800000,0x000000c9cb900000)]
  0x0000023a7b081000 JavaThread "http-nio-8202-exec-40" daemon [_thread_blocked, id=10508, stack(0x000000c9cb700000,0x000000c9cb800000)]
  0x0000023a7b084000 JavaThread "http-nio-8202-exec-39" daemon [_thread_blocked, id=26244, stack(0x000000c9cb600000,0x000000c9cb700000)]
  0x0000023a7b080800 JavaThread "http-nio-8202-exec-38" daemon [_thread_blocked, id=26268, stack(0x000000c9cb500000,0x000000c9cb600000)]
  0x0000023a7b07f800 JavaThread "http-nio-8202-exec-37" daemon [_thread_blocked, id=5900, stack(0x000000c9cb400000,0x000000c9cb500000)]
  0x0000023a7b082000 JavaThread "http-nio-8202-exec-36" daemon [_thread_blocked, id=18548, stack(0x000000c9cb300000,0x000000c9cb400000)]
  0x0000023a7b078000 JavaThread "http-nio-8202-exec-35" daemon [_thread_blocked, id=23128, stack(0x000000c9cb200000,0x000000c9cb300000)]
  0x0000023a7b07f000 JavaThread "http-nio-8202-exec-34" daemon [_thread_blocked, id=7088, stack(0x000000c9cb100000,0x000000c9cb200000)]
  0x0000023a7b07a000 JavaThread "http-nio-8202-exec-33" daemon [_thread_blocked, id=25356, stack(0x000000c9cb000000,0x000000c9cb100000)]
  0x0000023a7b077000 JavaThread "http-nio-8202-exec-32" daemon [_thread_blocked, id=12448, stack(0x000000c9caf00000,0x000000c9cb000000)]
  0x0000023a7b07e000 JavaThread "http-nio-8202-exec-31" daemon [_thread_blocked, id=18348, stack(0x000000c9cae00000,0x000000c9caf00000)]
  0x0000023a7b07d000 JavaThread "http-nio-8202-exec-30" daemon [_thread_blocked, id=11300, stack(0x000000c9cad00000,0x000000c9cae00000)]
  0x0000023a7b075800 JavaThread "http-nio-8202-exec-29" daemon [_thread_blocked, id=11404, stack(0x000000c9cac00000,0x000000c9cad00000)]
  0x0000023a7b07b000 JavaThread "http-nio-8202-exec-28" daemon [_thread_blocked, id=9352, stack(0x000000c9cab00000,0x000000c9cac00000)]
  0x0000023a7b07c800 JavaThread "http-nio-8202-exec-27" daemon [_thread_blocked, id=19096, stack(0x000000c9caa00000,0x000000c9cab00000)]
  0x0000023a7b079800 JavaThread "http-nio-8202-exec-26" daemon [_thread_blocked, id=22672, stack(0x000000c9ca900000,0x000000c9caa00000)]
  0x0000023a7b075000 JavaThread "http-nio-8202-exec-25" daemon [_thread_blocked, id=6416, stack(0x000000c9ca800000,0x000000c9ca900000)]
  0x0000023a7cc1c000 JavaThread "http-nio-8202-exec-24" daemon [_thread_blocked, id=23052, stack(0x000000c9ca700000,0x000000c9ca800000)]
  0x0000023a7cc1b800 JavaThread "http-nio-8202-exec-23" daemon [_thread_blocked, id=3828, stack(0x000000c9ca600000,0x000000c9ca700000)]
  0x0000023a7cc1d000 JavaThread "http-nio-8202-exec-22" daemon [_thread_blocked, id=24876, stack(0x000000c9ca500000,0x000000c9ca600000)]
  0x0000023a7cc1a800 JavaThread "http-nio-8202-exec-21" daemon [_thread_blocked, id=25032, stack(0x000000c9ca400000,0x000000c9ca500000)]
  0x0000023a7cc1a000 JavaThread "http-nio-8202-exec-20" daemon [_thread_blocked, id=16592, stack(0x000000c9ca300000,0x000000c9ca400000)]
  0x0000023a7cc12800 JavaThread "http-nio-8202-exec-19" daemon [_thread_blocked, id=15500, stack(0x000000c9ca200000,0x000000c9ca300000)]
  0x0000023a7cc19000 JavaThread "http-nio-8202-exec-18" daemon [_thread_blocked, id=18072, stack(0x000000c9ca100000,0x000000c9ca200000)]
  0x0000023a7cc11800 JavaThread "http-nio-8202-exec-17" daemon [_thread_blocked, id=22108, stack(0x000000c9ca000000,0x000000c9ca100000)]
  0x0000023a7cc18800 JavaThread "http-nio-8202-exec-16" daemon [_thread_blocked, id=4224, stack(0x000000c9c9f00000,0x000000c9ca000000)]
  0x0000023a7cc11000 JavaThread "http-nio-8202-exec-15" daemon [_thread_blocked, id=24120, stack(0x000000c9c9e00000,0x000000c9c9f00000)]
  0x0000023a7cc17800 JavaThread "http-nio-8202-exec-14" daemon [_thread_blocked, id=15988, stack(0x000000c9c9d00000,0x000000c9c9e00000)]
  0x0000023a7cc17000 JavaThread "http-nio-8202-exec-13" daemon [_thread_blocked, id=7748, stack(0x000000c9c9c00000,0x000000c9c9d00000)]
  0x0000023a7cc16000 JavaThread "http-nio-8202-exec-12" daemon [_thread_blocked, id=17048, stack(0x000000c9c9b00000,0x000000c9c9c00000)]
  0x0000023a7cc0e000 JavaThread "http-nio-8202-exec-11" daemon [_thread_blocked, id=20932, stack(0x000000c9c9a00000,0x000000c9c9b00000)]
  0x0000023a7cc14800 JavaThread "http-nio-8202-exec-10" daemon [_thread_blocked, id=27588, stack(0x000000c9c9900000,0x000000c9c9a00000)]
  0x0000023a7cc14000 JavaThread "http-nio-8202-exec-9" daemon [_thread_blocked, id=27512, stack(0x000000c9c9800000,0x000000c9c9900000)]
  0x0000023a7cc10000 JavaThread "http-nio-8202-exec-8" daemon [_thread_blocked, id=22748, stack(0x000000c9c9700000,0x000000c9c9800000)]
  0x0000023a7cc0f800 JavaThread "http-nio-8202-exec-7" daemon [_thread_blocked, id=26816, stack(0x000000c9c9600000,0x000000c9c9700000)]
  0x0000023a7cc0e800 JavaThread "http-nio-8202-exec-6" daemon [_thread_blocked, id=20220, stack(0x000000c9c9500000,0x000000c9c9600000)]
  0x0000023a7cc13000 JavaThread "http-nio-8202-exec-5" daemon [_thread_blocked, id=11372, stack(0x000000c9c9300000,0x000000c9c9400000)]
  0x0000023a777d6800 JavaThread "http-nio-8202-exec-4" daemon [_thread_blocked, id=20600, stack(0x000000c9c9200000,0x000000c9c9300000)]
  0x0000023a777d6000 JavaThread "http-nio-8202-exec-3" daemon [_thread_blocked, id=2744, stack(0x000000c9c9100000,0x000000c9c9200000)]
  0x0000023a777d3000 JavaThread "http-nio-8202-exec-2" daemon [_thread_blocked, id=21400, stack(0x000000c9c8f00000,0x000000c9c9000000)]
  0x0000023a777da000 JavaThread "http-nio-8202-exec-1" daemon [_thread_blocked, id=24156, stack(0x000000c9c8e00000,0x000000c9c8f00000)]
  0x0000023a777d5000 JavaThread "File Watcher" daemon [_thread_blocked, id=12148, stack(0x000000c9c8d00000,0x000000c9c8e00000)]
  0x0000023a777d4800 JavaThread "quartzScheduler_QuartzSchedulerThread" [_thread_blocked, id=2132, stack(0x000000c9c8c00000,0x000000c9c8d00000)]
  0x0000023a777d9000 JavaThread "quartzScheduler_Worker-10" [_thread_blocked, id=22148, stack(0x000000c9c8b00000,0x000000c9c8c00000)]
  0x0000023a777d3800 JavaThread "quartzScheduler_Worker-9" [_thread_blocked, id=22580, stack(0x000000c9c8a00000,0x000000c9c8b00000)]
  0x0000023a777d1800 JavaThread "quartzScheduler_Worker-8" [_thread_blocked, id=3584, stack(0x000000c9c8900000,0x000000c9c8a00000)]
  0x0000023a777d8000 JavaThread "quartzScheduler_Worker-7" [_thread_blocked, id=27260, stack(0x000000c9c8800000,0x000000c9c8900000)]
  0x0000023a777d7800 JavaThread "quartzScheduler_Worker-6" [_thread_blocked, id=18848, stack(0x000000c9c8700000,0x000000c9c8800000)]
  0x0000023a777ca000 JavaThread "quartzScheduler_Worker-5" [_thread_blocked, id=8404, stack(0x000000c9c8600000,0x000000c9c8700000)]
  0x0000023a777d0000 JavaThread "quartzScheduler_Worker-4" [_thread_blocked, id=2524, stack(0x000000c9c8500000,0x000000c9c8600000)]
  0x0000023a777d0800 JavaThread "quartzScheduler_Worker-3" [_thread_blocked, id=27284, stack(0x000000c9c8400000,0x000000c9c8500000)]
  0x0000023a777cf000 JavaThread "quartzScheduler_Worker-2" [_thread_blocked, id=10912, stack(0x000000c9c8300000,0x000000c9c8400000)]
  0x0000023a777c8800 JavaThread "quartzScheduler_Worker-1" [_thread_blocked, id=23912, stack(0x000000c9c8200000,0x000000c9c8300000)]
  0x0000023a777ce800 JavaThread "lettuce-eventExecutorLoop-50-8" daemon [_thread_blocked, id=25704, stack(0x000000c9c8100000,0x000000c9c8200000)]
  0x0000023a777cb800 JavaThread "lettuce-eventExecutorLoop-50-7" daemon [_thread_blocked, id=21876, stack(0x000000c9c8000000,0x000000c9c8100000)]
  0x0000023a777cd000 JavaThread "I/O dispatcher 136" [_thread_in_native, id=22316, stack(0x000000c9c7f00000,0x000000c9c8000000)]
  0x0000023a777cd800 JavaThread "I/O dispatcher 135" [_thread_in_native, id=19568, stack(0x000000c9c7e00000,0x000000c9c7f00000)]
  0x0000023a777c9000 JavaThread "I/O dispatcher 134" [_thread_in_native, id=26760, stack(0x000000c9c7d00000,0x000000c9c7e00000)]
  0x0000023a777ca800 JavaThread "I/O dispatcher 133" [_thread_blocked, id=12264, stack(0x000000c9c7c00000,0x000000c9c7d00000)]
  0x0000023a777c1000 JavaThread "I/O dispatcher 132" [_thread_blocked, id=22328, stack(0x000000c9c7b00000,0x000000c9c7c00000)]
  0x0000023a777c7800 JavaThread "I/O dispatcher 131" [_thread_in_native, id=22760, stack(0x000000c9c7a00000,0x000000c9c7b00000)]
  0x0000023a777c7000 JavaThread "I/O dispatcher 130" [_thread_blocked, id=21120, stack(0x000000c9c7900000,0x000000c9c7a00000)]
  0x0000023a777bf800 JavaThread "I/O dispatcher 129" [_thread_blocked, id=12036, stack(0x000000c9c7800000,0x000000c9c7900000)]
  0x0000023a777c6000 JavaThread "pool-34-thread-1" [_thread_blocked, id=27292, stack(0x000000c9c7700000,0x000000c9c7800000)]
  0x0000023a777c0000 JavaThread "lettuce-eventExecutorLoop-50-6" daemon [_thread_blocked, id=26172, stack(0x000000c9c7600000,0x000000c9c7700000)]
  0x0000023a777be800 JavaThread "lettuce-eventExecutorLoop-50-5" daemon [_thread_blocked, id=24812, stack(0x000000c9c7500000,0x000000c9c7600000)]
  0x0000023a777c4000 JavaThread "lettuce-eventExecutorLoop-50-4" daemon [_thread_blocked, id=19612, stack(0x000000c9c7400000,0x000000c9c7500000)]
  0x0000023a777c5800 JavaThread "lettuce-eventExecutorLoop-50-3" daemon [_thread_blocked, id=14756, stack(0x000000c9c7300000,0x000000c9c7400000)]
  0x0000023a777c3000 JavaThread "lettuce-eventExecutorLoop-50-2" daemon [_thread_blocked, id=17252, stack(0x000000c9c7200000,0x000000c9c7300000)]
  0x0000023a777c4800 JavaThread "lettuce-nioEventLoop-52-1" daemon [_thread_in_native, id=19600, stack(0x000000c9c7100000,0x000000c9c7200000)]
  0x0000023a777bc800 JavaThread "activiti-reset-expired-jobs" [_thread_blocked, id=4540, stack(0x000000c9c6f00000,0x000000c9c7000000)]
  0x0000023a777be000 JavaThread "activiti-acquire-timer-jobs" [_thread_blocked, id=16932, stack(0x000000c9c6e00000,0x000000c9c6f00000)]
  0x0000023a777bd000 JavaThread "activiti-acquire-async-jobs" [_thread_blocked, id=19332, stack(0x000000c9c6d00000,0x000000c9c6e00000)]
  0x0000023a777bb800 JavaThread "Druid-ConnectionPool-Destroy-107604729" daemon [_thread_blocked, id=20520, stack(0x000000c9c6c00000,0x000000c9c6d00000)]
  0x0000023a78b17800 JavaThread "Druid-ConnectionPool-Create-107604729" daemon [_thread_blocked, id=3772, stack(0x000000c9c6b00000,0x000000c9c6c00000)]
  0x0000023a78b16800 JavaThread "container-0" [_thread_blocked, id=20768, stack(0x000000c9c6700000,0x000000c9c6800000)]
  0x0000023a78b1a800 JavaThread "Catalina-utility-2" [_thread_blocked, id=9760, stack(0x000000c9c6600000,0x000000c9c6700000)]
  0x0000023a78b1c000 JavaThread "Catalina-utility-1" [_thread_blocked, id=26360, stack(0x000000c9c6500000,0x000000c9c6600000)]
  0x0000023a78b16000 JavaThread "lettuce-timer-51-1" daemon [_thread_blocked, id=4092, stack(0x000000c9c4a00000,0x000000c9c4b00000)]
  0x0000023a78b15000 JavaThread "lettuce-eventExecutorLoop-50-1" daemon [_thread_blocked, id=26788, stack(0x000000c9c4900000,0x000000c9c4a00000)]
  0x0000023a766e9800 JavaThread "DestroyJavaVM" [_thread_blocked, id=16404, stack(0x000000c9c4b00000,0x000000c9c4c00000)]
  0x0000023a00646000 JavaThread "Live Reload Server" daemon [_thread_in_native, id=23940, stack(0x000000c9c9400000,0x000000c9c9500000)]
  0x0000023a78b1b000 JavaThread "mysql-cj-abandoned-connection-cleanup" daemon [_thread_blocked, id=11960, stack(0x000000c9c7000000,0x000000c9c7100000)]
  0x0000023a74c91000 JavaThread "JMX server connection timeout 27" daemon [_thread_blocked, id=25216, stack(0x000000c9c6a00000,0x000000c9c6b00000)]
  0x0000023a78218800 JavaThread "RMI TCP Connection(2)-127.0.0.1" daemon [_thread_blocked, id=9628, stack(0x000000c9c6900000,0x000000c9c6a00000)]
  0x0000023a78218000 JavaThread "RMI Scheduler(0)" daemon [_thread_blocked, id=4804, stack(0x000000c9c6800000,0x000000c9c6900000)]
  0x0000023a713b6800 JavaThread "RMI TCP Accept-0" daemon [_thread_in_native, id=11832, stack(0x000000c9c6300000,0x000000c9c6400000)]
  0x0000023a714db000 JavaThread "RMI TCP Accept-45556" daemon [_thread_in_native, id=22740, stack(0x000000c9c6200000,0x000000c9c6300000)]
  0x0000023a711a0800 JavaThread "RMI TCP Accept-0" daemon [_thread_in_native, id=25996, stack(0x000000c9c6100000,0x000000c9c6200000)]
  0x0000023a70489000 JavaThread "Service Thread" daemon [_thread_blocked, id=26396, stack(0x000000c9c6000000,0x000000c9c6100000)]
  0x0000023a703dc800 JavaThread "C1 CompilerThread3" daemon [_thread_blocked, id=26428, stack(0x000000c9c5f00000,0x000000c9c6000000)]
  0x0000023a703d9800 JavaThread "C2 CompilerThread2" daemon [_thread_blocked, id=24340, stack(0x000000c9c5e00000,0x000000c9c5f00000)]
  0x0000023a703d9000 JavaThread "C2 CompilerThread1" daemon [_thread_blocked, id=25572, stack(0x000000c9c5d00000,0x000000c9c5e00000)]
  0x0000023a703d4800 JavaThread "C2 CompilerThread0" daemon [_thread_blocked, id=25328, stack(0x000000c9c5c00000,0x000000c9c5d00000)]
  0x0000023a703c8000 JavaThread "JDWP Command Reader" daemon [_thread_in_native, id=712, stack(0x000000c9c5b00000,0x000000c9c5c00000)]
  0x0000023a703c5800 JavaThread "JDWP Event Helper Thread" daemon [_thread_blocked, id=24184, stack(0x000000c9c5a00000,0x000000c9c5b00000)]
  0x0000023a6ed6e000 JavaThread "JDWP Transport Listener: dt_socket" daemon [_thread_blocked, id=25176, stack(0x000000c9c5900000,0x000000c9c5a00000)]
  0x0000023a6ecfd000 JavaThread "Attach Listener" daemon [_thread_blocked, id=26884, stack(0x000000c9c5800000,0x000000c9c5900000)]
  0x0000023a6ecfb000 JavaThread "Signal Dispatcher" daemon [_thread_blocked, id=12688, stack(0x000000c9c5700000,0x000000c9c5800000)]
  0x0000023a6ecca000 JavaThread "Finalizer" daemon [_thread_blocked, id=11380, stack(0x000000c9c5600000,0x000000c9c5700000)]
  0x0000023a6ecbb000 JavaThread "Reference Handler" daemon [_thread_blocked, id=24008, stack(0x000000c9c5500000,0x000000c9c5600000)]

Other Threads:
  0x0000023a6ec91800 VMThread [stack: 0x000000c9c5400000,0x000000c9c5500000] [id=10172]
  0x0000023a713b9800 WatcherThread [stack: 0x000000c9c6400000,0x000000c9c6500000] [id=11100]

=>0x0000023a4edcc800 (exited) GCTaskThread [stack: 0x000000c9c5000000,0x000000c9c5100000] [id=24400]

VM state:at safepoint (normal execution)

VM Mutex/Monitor currently owned by a thread:  ([mutex/lock_event])
[0x0000023a4edaa380] Threads_lock - owner thread: 0x0000023a6ec91800
[0x0000023a4eda9700] Heap_lock - owner thread: 0x0000023a74c91000

heap address: 0x0000000645600000, size: 6058 MB, Compressed Oops mode: Zero based, Oop shift amount: 3
Narrow klass base: 0x0000000000000000, Narrow klass shift: 3
Compressed class space size: 1073741824 Address: 0x00000007c0000000

Heap:
 PSYoungGen      total 931840K, used 31733K [0x0000000741d00000, 0x000000078bc00000, 0x00000007c0000000)
  eden space 900096K, 0% used [0x0000000741d00000,0x0000000741d00000,0x0000000778c00000)
  from space 31744K, 99% used [0x0000000789d00000,0x000000078bbfd6c0,0x000000078bc00000)
  to   space 52224K, 0% used [0x0000000785600000,0x0000000785600000,0x0000000788900000)
 ParOldGen       total 400896K, used 398466K [0x0000000645600000, 0x000000065dd80000, 0x0000000741d00000)
  object space 400896K, 99% used [0x0000000645600000,0x000000065db20a38,0x000000065dd80000)
 Metaspace       used 193253K, capacity 208625K, committed 208788K, reserved 1234944K
  class space    used 20640K, capacity 23338K, committed 23444K, reserved 1048576K

Card table byte_map: [0x0000023a5fa50000,0x0000023a60630000] byte_map_base: 0x0000023a5c825000

Marking Bits: (ParMarkBitMap*) 0x000000006bacd980
 Begin Bits: [0x0000023a60e20000, 0x0000023a66cc8000)
 End Bits:   [0x0000023a66cc8000, 0x0000023a6cb70000)

Polling page: 0x0000023a4ee80000

CodeCache: size=245760Kb used=91031Kb max_used=91168Kb free=154728Kb
 bounds [0x0000023a50690000, 0x0000023a56050000, 0x0000023a5f690000]
 total_blobs=22550 nmethods=21850 adapters=618
 compilation: enabled

Compilation events (10 events):
Event: 11497.790 Thread 0x0000023a703d4800 27793       4       com.mysql.cj.ParseInfo::getQueryReturnType (398 bytes)
Event: 11497.806 Thread 0x0000023a703d4800 nmethod 27793 0x0000023a509dacd0 code [0x0000023a509daf00, 0x0000023a509dbd70]
Event: 11497.807 Thread 0x0000023a703d9000 27794       4       com.fasterxml.jackson.databind.util.StdDateFormat::pad2 (47 bytes)
Event: 11497.825 Thread 0x0000023a703d9000 nmethod 27794 0x0000023a51abd790 code [0x0000023a51abd920, 0x0000023a51abee18]
Event: 11503.393 Thread 0x0000023a703dc800 27795   !   3       org.springframework.web.servlet.FrameworkServlet::processRequest (186 bytes)
Event: 11503.399 Thread 0x0000023a703dc800 nmethod 27795 0x0000023a5602db10 code [0x0000023a5602df00, 0x0000023a5602ff80]
Event: 11503.402 Thread 0x0000023a703d9800 27796   !   4       com.mysql.cj.jdbc.StatementImpl::resetCancelledState (42 bytes)
Event: 11503.406 Thread 0x0000023a703d9800 nmethod 27796 0x0000023a56015c90 code [0x0000023a56015e00, 0x0000023a56016378]
Event: 11503.406 Thread 0x0000023a703dc800 27797       3       org.apache.ibatis.ognl.OgnlRuntime::findBestMethod (1030 bytes)
Event: 11503.426 Thread 0x0000023a703dc800 nmethod 27797 0x0000023a56035c50 code [0x0000023a56036a40, 0x0000023a560428b0]

GC Heap History (10 events):
Event: 7825.170 GC heap after
Heap after GC invocations=74 (full 20):
 PSYoungGen      total 1087488K, used 37874K [0x0000000741d00000, 0x0000000790680000, 0x00000007c0000000)
  eden space 1049600K, 0% used [0x0000000741d00000,0x0000000741d00000,0x0000000781e00000)
  from space 37888K, 99% used [0x000000078e180000,0x000000079067c930,0x0000000790680000)
  to   space 57856K, 0% used [0x0000000789580000,0x0000000789580000,0x000000078ce00000)
 ParOldGen       total 397824K, used 392457K [0x0000000645600000, 0x000000065da80000, 0x0000000741d00000)
  object space 397824K, 98% used [0x0000000645600000,0x000000065d542420,0x000000065da80000)
 Metaspace       used 192360K, capacity 207691K, committed 207892K, reserved 1234944K
  class space    used 20618K, capacity 23297K, committed 23316K, reserved 1048576K
}
Event: 8826.960 GC heap before
{Heap before GC invocations=75 (full 20):
 PSYoungGen      total 1087488K, used 1087474K [0x0000000741d00000, 0x0000000790680000, 0x00000007c0000000)
  eden space 1049600K, 100% used [0x0000000741d00000,0x0000000781e00000,0x0000000781e00000)
  from space 37888K, 99% used [0x000000078e180000,0x000000079067c930,0x0000000790680000)
  to   space 57856K, 0% used [0x0000000789580000,0x0000000789580000,0x000000078ce00000)
 ParOldGen       total 397824K, used 392457K [0x0000000645600000, 0x000000065da80000, 0x0000000741d00000)
  object space 397824K, 98% used [0x0000000645600000,0x000000065d542420,0x000000065da80000)
 Metaspace       used 192571K, capacity 207955K, committed 208148K, reserved 1234944K
  class space    used 20623K, capacity 23307K, committed 23316K, reserved 1048576K
Event: 8826.998 GC heap after
Heap after GC invocations=75 (full 20):
 PSYoungGen      total 1048576K, used 38657K [0x0000000741d00000, 0x000000078e200000, 0x00000007c0000000)
  eden space 1009664K, 0% used [0x0000000741d00000,0x0000000741d00000,0x000000077f700000)
  from space 38912K, 99% used [0x0000000789580000,0x000000078bb405f0,0x000000078bb80000)
  to   space 39424K, 0% used [0x000000078bb80000,0x000000078bb80000,0x000000078e200000)
 ParOldGen       total 397824K, used 392465K [0x0000000645600000, 0x000000065da80000, 0x0000000741d00000)
  object space 397824K, 98% used [0x0000000645600000,0x000000065d544420,0x000000065da80000)
 Metaspace       used 192571K, capacity 207955K, committed 208148K, reserved 1234944K
  class space    used 20623K, capacity 23307K, committed 23316K, reserved 1048576K
}
Event: 9832.198 GC heap before
{Heap before GC invocations=76 (full 20):
 PSYoungGen      total 1048576K, used 1048321K [0x0000000741d00000, 0x000000078e200000, 0x00000007c0000000)
  eden space 1009664K, 100% used [0x0000000741d00000,0x000000077f700000,0x000000077f700000)
  from space 38912K, 99% used [0x0000000789580000,0x000000078bb405f0,0x000000078bb80000)
  to   space 39424K, 0% used [0x000000078bb80000,0x000000078bb80000,0x000000078e200000)
 ParOldGen       total 397824K, used 392465K [0x0000000645600000, 0x000000065da80000, 0x0000000741d00000)
  object space 397824K, 98% used [0x0000000645600000,0x000000065d544420,0x000000065da80000)
 Metaspace       used 192579K, capacity 207955K, committed 208148K, reserved 1234944K
  class space    used 20623K, capacity 23307K, committed 23316K, reserved 1048576K
Event: 9832.215 GC heap after
Heap after GC invocations=76 (full 20):
 PSYoungGen      total 1010176K, used 38610K [0x0000000741d00000, 0x000000078e180000, 0x00000007c0000000)
  eden space 971264K, 0% used [0x0000000741d00000,0x0000000741d00000,0x000000077d180000)
  from space 38912K, 99% used [0x000000078bb80000,0x000000078e134a00,0x000000078e180000)
  to   space 54784K, 0% used [0x0000000787680000,0x0000000787680000,0x000000078ac00000)
 ParOldGen       total 397824K, used 392473K [0x0000000645600000, 0x000000065da80000, 0x0000000741d00000)
  object space 397824K, 98% used [0x0000000645600000,0x000000065d546420,0x000000065da80000)
 Metaspace       used 192579K, capacity 207955K, committed 208148K, reserved 1234944K
  class space    used 20623K, capacity 23307K, committed 23316K, reserved 1048576K
}
Event: 10778.320 GC heap before
{Heap before GC invocations=77 (full 20):
 PSYoungGen      total 1010176K, used 1009874K [0x0000000741d00000, 0x000000078e180000, 0x00000007c0000000)
  eden space 971264K, 100% used [0x0000000741d00000,0x000000077d180000,0x000000077d180000)
  from space 38912K, 99% used [0x000000078bb80000,0x000000078e134a00,0x000000078e180000)
  to   space 54784K, 0% used [0x0000000787680000,0x0000000787680000,0x000000078ac00000)
 ParOldGen       total 397824K, used 392473K [0x0000000645600000, 0x000000065da80000, 0x0000000741d00000)
  object space 397824K, 98% used [0x0000000645600000,0x000000065d546420,0x000000065da80000)
 Metaspace       used 192687K, capacity 208033K, committed 208148K, reserved 1234944K
  class space    used 20624K, capacity 23308K, committed 23316K, reserved 1048576K
Event: 10778.365 GC heap after
Heap after GC invocations=77 (full 20):
 PSYoungGen      total 974336K, used 39127K [0x0000000741d00000, 0x000000078bc00000, 0x00000007c0000000)
  eden space 934912K, 0% used [0x0000000741d00000,0x0000000741d00000,0x000000077ae00000)
  from space 39424K, 99% used [0x0000000787680000,0x0000000789cb5ee0,0x0000000789d00000)
  to   space 31744K, 0% used [0x0000000789d00000,0x0000000789d00000,0x000000078bc00000)
 ParOldGen       total 397824K, used 392481K [0x0000000645600000, 0x000000065da80000, 0x0000000741d00000)
  object space 397824K, 98% used [0x0000000645600000,0x000000065d548420,0x000000065da80000)
 Metaspace       used 192687K, capacity 208033K, committed 208148K, reserved 1234944K
  class space    used 20624K, capacity 23308K, committed 23316K, reserved 1048576K
}
Event: 11559.363 GC heap before
{Heap before GC invocations=78 (full 20):
 PSYoungGen      total 974336K, used 974039K [0x0000000741d00000, 0x000000078bc00000, 0x00000007c0000000)
  eden space 934912K, 100% used [0x0000000741d00000,0x000000077ae00000,0x000000077ae00000)
  from space 39424K, 99% used [0x0000000787680000,0x0000000789cb5ee0,0x0000000789d00000)
  to   space 31744K, 0% used [0x0000000789d00000,0x0000000789d00000,0x000000078bc00000)
 ParOldGen       total 397824K, used 392481K [0x0000000645600000, 0x000000065da80000, 0x0000000741d00000)
  object space 397824K, 98% used [0x0000000645600000,0x000000065d548420,0x000000065da80000)
 Metaspace       used 193253K, capacity 208625K, committed 208788K, reserved 1234944K
  class space    used 20640K, capacity 23338K, committed 23444K, reserved 1048576K
Event: 11559.383 GC heap after
Heap after GC invocations=78 (full 20):
 PSYoungGen      total 931840K, used 31733K [0x0000000741d00000, 0x000000078bc00000, 0x00000007c0000000)
  eden space 900096K, 0% used [0x0000000741d00000,0x0000000741d00000,0x0000000778c00000)
  from space 31744K, 99% used [0x0000000789d00000,0x000000078bbfd6c0,0x000000078bc00000)
  to   space 52224K, 0% used [0x0000000785600000,0x0000000785600000,0x0000000788900000)
 ParOldGen       total 400896K, used 398466K [0x0000000645600000, 0x000000065dd80000, 0x0000000741d00000)
  object space 400896K, 99% used [0x0000000645600000,0x000000065db20a38,0x000000065dd80000)
 Metaspace       used 193253K, capacity 208625K, committed 208788K, reserved 1234944K
  class space    used 20640K, capacity 23338K, committed 23444K, reserved 1048576K
}
Event: 11559.384 GC heap before
{Heap before GC invocations=79 (full 21):
 PSYoungGen      total 931840K, used 31733K [0x0000000741d00000, 0x000000078bc00000, 0x00000007c0000000)
  eden space 900096K, 0% used [0x0000000741d00000,0x0000000741d00000,0x0000000778c00000)
  from space 31744K, 99% used [0x0000000789d00000,0x000000078bbfd6c0,0x000000078bc00000)
  to   space 52224K, 0% used [0x0000000785600000,0x0000000785600000,0x0000000788900000)
 ParOldGen       total 400896K, used 398466K [0x0000000645600000, 0x000000065dd80000, 0x0000000741d00000)
  object space 400896K, 99% used [0x0000000645600000,0x000000065db20a38,0x000000065dd80000)
 Metaspace       used 193253K, capacity 208625K, committed 208788K, reserved 1234944K
  class space    used 20640K, capacity 23338K, committed 23444K, reserved 1048576K

Deoptimization events (10 events):
Event: 7635.454 Thread 0x0000023a7cc1c000 Uncommon trap: reason=unstable_if action=reinterpret pc=0x0000023a5584f980 method=java.text.SimpleDateFormat.compile(Ljava/lang/String;)[C @ 336
Event: 7636.920 Thread 0x0000023a7b075800 Uncommon trap: reason=unstable_if action=reinterpret pc=0x0000023a514f0aa0 method=java.util.Calendar.setTimeInMillis(J)V @ 20
Event: 7746.308 Thread 0x0000023a7caec800 Uncommon trap: reason=unstable_if action=reinterpret pc=0x0000023a518c7d78 method=java.util.Calendar.setTimeInMillis(J)V @ 20
Event: 7831.338 Thread 0x0000023a766e2000 Uncommon trap: reason=unstable_if action=reinterpret pc=0x0000023a53a5b7d8 method=com.alibaba.druid.util.Histogram.record(J)V @ 20
Event: 10616.503 Thread 0x0000023a7cc18800 Uncommon trap: reason=class_check action=maybe_recompile pc=0x0000023a5535f3c8 method=com.alibaba.druid.sql.parser.SQLExprParser.andRest(Lcom/alibaba/druid/sql/ast/SQLExpr;)Lcom/alibaba/druid/sql/ast/SQLExpr; @ 73
Event: 10798.647 Thread 0x0000023a00647800 Uncommon trap: reason=class_check action=maybe_recompile pc=0x0000023a5535f3c8 method=com.alibaba.druid.sql.parser.SQLExprParser.andRest(Lcom/alibaba/druid/sql/ast/SQLExpr;)Lcom/alibaba/druid/sql/ast/SQLExpr; @ 73
Event: 10815.250 Thread 0x0000023a7b083800 Uncommon trap: reason=null_check action=make_not_entrant pc=0x0000023a55e0d748 method=io.jsonwebtoken.impl.DefaultClaims.getExpiration()Ljava/util/Date; @ 9
Event: 10815.253 Thread 0x0000023a766e4800 Uncommon trap: reason=null_check action=make_not_entrant pc=0x0000023a55ca466c method=io.jsonwebtoken.impl.DefaultClaims.getExpiration()Ljava/util/Date; @ 9
Event: 10823.084 Thread 0x0000023a00646800 Uncommon trap: reason=null_check action=make_not_entrant pc=0x0000023a55e3a934 method=io.jsonwebtoken.impl.DefaultClaims.getNotBefore()Ljava/util/Date; @ 9
Event: 10823.130 Thread 0x0000023a00648800 Uncommon trap: reason=class_check action=maybe_recompile pc=0x0000023a5535f3c8 method=com.alibaba.druid.sql.parser.SQLExprParser.andRest(Lcom/alibaba/druid/sql/ast/SQLExpr;)Lcom/alibaba/druid/sql/ast/SQLExpr; @ 73

Classes redefined (0 events):
No events

Internal exceptions (10 events):
Event: 10823.084 Thread 0x0000023a00646800 Implicit null exception at 0x0000023a55e354c8 to 0x0000023a55e3a8dd
Event: 10915.668 Thread 0x0000023a735b7800 Exception <a 'java/io/IOException'> (0x0000000746dc59a8) thrown at [C:\jenkins\workspace\8-2-build-windows-x64-cygwin\jdk8u371\3355\hotspot\src\share\vm\prims\jni.cpp, line 710]
Event: 11134.620 Thread 0x0000023a777c4800 Exception <a 'java/io/IOException'> (0x000000075ad6d108) thrown at [C:\jenkins\workspace\8-2-build-windows-x64-cygwin\jdk8u371\3355\hotspot\src\share\vm\prims\jni.cpp, line 710]
Event: 11200.685 Thread 0x0000023a772ee800 Exception <a 'java/io/IOException'> (0x000000075e175a18) thrown at [C:\jenkins\workspace\8-2-build-windows-x64-cygwin\jdk8u371\3355\hotspot\src\share\vm\prims\jni.cpp, line 710]
Event: 11266.611 Thread 0x0000023a772ed800 Exception <a 'java/io/IOException'> (0x00000007622d7850) thrown at [C:\jenkins\workspace\8-2-build-windows-x64-cygwin\jdk8u371\3355\hotspot\src\share\vm\prims\jni.cpp, line 710]
Event: 11332.600 Thread 0x0000023a772e7000 Exception <a 'java/io/IOException'> (0x0000000766450e58) thrown at [C:\jenkins\workspace\8-2-build-windows-x64-cygwin\jdk8u371\3355\hotspot\src\share\vm\prims\jni.cpp, line 710]
Event: 11398.668 Thread 0x0000023a79fa4800 Exception <a 'java/io/IOException'> (0x000000076a5a7c28) thrown at [C:\jenkins\workspace\8-2-build-windows-x64-cygwin\jdk8u371\3355\hotspot\src\share\vm\prims\jni.cpp, line 710]
Event: 11467.812 Thread 0x0000023a7cc0e000 Exception <a 'java/net/SocketException': Software caused connection abort: socket write error> (0x0000000773d5cbe0) thrown at [C:\jenkins\workspace\8-2-build-windows-x64-cygwin\jdk8u371\3355\hotspot\src\share\vm\prims\jni.cpp, line 737]
Event: 11467.817 Thread 0x0000023a7cc0e000 Exception <a 'java/net/SocketException': Software caused connection abort: socket write error> (0x0000000773d65f00) thrown at [C:\jenkins\workspace\8-2-build-windows-x64-cygwin\jdk8u371\3355\hotspot\src\share\vm\prims\jni.cpp, line 737]
Event: 11467.817 Thread 0x0000023a7cc0e000 Exception <a 'java/net/SocketException': Software caused connection abort: socket write error> (0x0000000773d6c0a0) thrown at [C:\jenkins\workspace\8-2-build-windows-x64-cygwin\jdk8u371\3355\hotspot\src\share\vm\prims\jni.cpp, line 737]

Events (10 events):
Event: 11503.429 Thread 0x0000023a703dc800 flushing nmethod 0x0000023a53eb4850
Event: 11503.430 Thread 0x0000023a703dc800 flushing nmethod 0x0000023a53eb5550
Event: 11503.430 Thread 0x0000023a703dc800 flushing nmethod 0x0000023a53eb5c90
Event: 11503.430 Thread 0x0000023a703dc800 flushing nmethod 0x0000023a53fa5490
Event: 11503.431 Thread 0x0000023a703dc800 flushing nmethod 0x0000023a53fa63d0
Event: 11503.431 Thread 0x0000023a703dc800 flushing nmethod 0x0000023a53fa6a10
Event: 11503.431 Thread 0x0000023a703dc800 flushing nmethod 0x0000023a5415cc50
Event: 11503.432 Thread 0x0000023a703dc800 flushing nmethod 0x0000023a54160f10
Event: 11503.432 Thread 0x0000023a703dc800 flushing nmethod 0x0000023a54176d50
Event: 11559.363 Executing VM operation: ParallelGCFailedAllocation


Dynamic libraries:
0x00007ff6bdb50000 - 0x00007ff6bdb9a000 	C:\Program Files (x86)\Java\jdk-1.8\bin\java.exe
0x00007fff4e990000 - 0x00007fff4eb88000 	C:\WINDOWS\SYSTEM32\ntdll.dll
0x00007fff4dfc0000 - 0x00007fff4e081000 	C:\WINDOWS\System32\KERNEL32.DLL
0x00007fff4c2d0000 - 0x00007fff4c5c6000 	C:\WINDOWS\System32\KERNELBASE.dll
0x00007fff4e840000 - 0x00007fff4e8f0000 	C:\WINDOWS\System32\ADVAPI32.dll
0x00007fff4e490000 - 0x00007fff4e52e000 	C:\WINDOWS\System32\msvcrt.dll
0x00007fff4e1c0000 - 0x00007fff4e260000 	C:\WINDOWS\System32\sechost.dll
0x00007fff4db30000 - 0x00007fff4dc53000 	C:\WINDOWS\System32\RPCRT4.dll
0x00007fff4c6f0000 - 0x00007fff4c717000 	C:\WINDOWS\System32\bcrypt.dll
0x00007fff4e670000 - 0x00007fff4e80f000 	C:\WINDOWS\System32\USER32.dll
0x00007fff4c150000 - 0x00007fff4c172000 	C:\WINDOWS\System32\win32u.dll
0x00007fff4e460000 - 0x00007fff4e48b000 	C:\WINDOWS\System32\GDI32.dll
0x00007fff4c5d0000 - 0x00007fff4c6e7000 	C:\WINDOWS\System32\gdi32full.dll
0x00007fff4c040000 - 0x00007fff4c0dd000 	C:\WINDOWS\System32\msvcp_win.dll
0x00007fff4c180000 - 0x00007fff4c280000 	C:\WINDOWS\System32\ucrtbase.dll
0x00007fff21920000 - 0x00007fff21bba000 	C:\WINDOWS\WinSxS\amd64_microsoft.windows.common-controls_6595b64144ccf1df_6.0.19041.4355_none_60b8b9eb71f62e16\COMCTL32.dll
0x00007fff4e810000 - 0x00007fff4e83f000 	C:\WINDOWS\System32\IMM32.DLL
0x00007fff40560000 - 0x00007fff4057b000 	C:\Program Files (x86)\Java\jdk-1.8\jre\bin\vcruntime140.dll
0x00007fff40550000 - 0x00007fff4055c000 	C:\Program Files (x86)\Java\jdk-1.8\jre\bin\vcruntime140_1.dll
0x00007fff1be40000 - 0x00007fff1bece000 	C:\Program Files (x86)\Java\jdk-1.8\jre\bin\msvcp140.dll
0x000000006b2a0000 - 0x000000006bb47000 	C:\Program Files (x86)\Java\jdk-1.8\jre\bin\server\jvm.dll
0x00007fff4e090000 - 0x00007fff4e098000 	C:\WINDOWS\System32\PSAPI.DLL
0x00007fff3a240000 - 0x00007fff3a267000 	C:\WINDOWS\SYSTEM32\WINMM.dll
0x00007fff44630000 - 0x00007fff4463a000 	C:\WINDOWS\SYSTEM32\VERSION.dll
0x00007fff24790000 - 0x00007fff24799000 	C:\WINDOWS\SYSTEM32\WSOCK32.dll
0x00007fff4d140000 - 0x00007fff4d1ab000 	C:\WINDOWS\System32\WS2_32.dll
0x00007fff4a810000 - 0x00007fff4a822000 	C:\WINDOWS\SYSTEM32\kernel.appcore.dll
0x00007fff402f0000 - 0x00007fff40300000 	C:\Program Files (x86)\Java\jdk-1.8\jre\bin\verify.dll
0x00007fff23aa0000 - 0x00007fff23acb000 	C:\Program Files (x86)\Java\jdk-1.8\jre\bin\java.dll
0x00007fff40470000 - 0x00007fff404a6000 	C:\Program Files (x86)\Java\jdk-1.8\jre\bin\jdwp.dll
0x00007fff40540000 - 0x00007fff40549000 	C:\Program Files (x86)\Java\jdk-1.8\jre\bin\npt.dll
0x00007fff35d70000 - 0x00007fff35d88000 	C:\Program Files (x86)\Java\jdk-1.8\jre\bin\zip.dll
0x00007fff4d3c0000 - 0x00007fff4db2c000 	C:\WINDOWS\System32\SHELL32.dll
0x00007fff4a060000 - 0x00007fff4a7fe000 	C:\WINDOWS\SYSTEM32\windows.storage.dll
0x00007fff4dc60000 - 0x00007fff4dfb3000 	C:\WINDOWS\System32\combase.dll
0x00007fff4b980000 - 0x00007fff4b9ae000 	C:\WINDOWS\SYSTEM32\Wldp.dll
0x00007fff4d070000 - 0x00007fff4d13d000 	C:\WINDOWS\System32\OLEAUT32.dll
0x00007fff4e530000 - 0x00007fff4e5dd000 	C:\WINDOWS\System32\SHCORE.dll
0x00007fff4d010000 - 0x00007fff4d065000 	C:\WINDOWS\System32\shlwapi.dll
0x00007fff4bf70000 - 0x00007fff4bf94000 	C:\WINDOWS\SYSTEM32\profapi.dll
0x00007fff40310000 - 0x00007fff4031a000 	C:\Program Files (x86)\Java\jdk-1.8\jre\bin\dt_socket.dll
0x00007fff2c360000 - 0x00007fff2c377000 	C:\WINDOWS\system32\napinsp.dll
0x00007fff2c260000 - 0x00007fff2c27b000 	C:\WINDOWS\system32\pnrpnsp.dll
0x00007fff45fe0000 - 0x00007fff45ff5000 	C:\WINDOWS\system32\wshbth.dll
0x00007fff457f0000 - 0x00007fff4580d000 	C:\WINDOWS\system32\NLAapi.dll
0x00007fff4b410000 - 0x00007fff4b44b000 	C:\WINDOWS\SYSTEM32\IPHLPAPI.DLL
0x00007fff4b760000 - 0x00007fff4b7ca000 	C:\WINDOWS\System32\mswsock.dll
0x00007fff4b450000 - 0x00007fff4b51a000 	C:\WINDOWS\SYSTEM32\DNSAPI.dll
0x00007fff4ce50000 - 0x00007fff4ce58000 	C:\WINDOWS\System32\NSI.dll
0x00007fff2bd40000 - 0x00007fff2bd52000 	C:\WINDOWS\System32\winrnr.dll
0x00007fff3f1f0000 - 0x00007fff3f270000 	C:\WINDOWS\System32\fwpuclnt.dll
0x00007fff42310000 - 0x00007fff4231a000 	C:\Windows\System32\rasadhlp.dll
0x00007fff35cc0000 - 0x00007fff35ccd000 	C:\Program Files (x86)\Java\jdk-1.8\jre\bin\management.dll
0x00007fff22d30000 - 0x00007fff22d4c000 	C:\Program Files (x86)\Java\jdk-1.8\jre\bin\net.dll
0x00007fff22c70000 - 0x00007fff22c83000 	C:\Program Files (x86)\Java\jdk-1.8\jre\bin\nio.dll
0x00007fff4b9c0000 - 0x00007fff4b9d8000 	C:\WINDOWS\SYSTEM32\CRYPTSP.dll
0x00007fff4b030000 - 0x00007fff4b064000 	C:\WINDOWS\system32\rsaenh.dll
0x00007fff4bee0000 - 0x00007fff4bf0e000 	C:\WINDOWS\SYSTEM32\USERENV.dll
0x00007fff4c7d0000 - 0x00007fff4c852000 	C:\WINDOWS\System32\bcryptprimitives.dll
0x00007fff4b8f0000 - 0x00007fff4b8fc000 	C:\WINDOWS\SYSTEM32\CRYPTBASE.dll
0x00007fff42060000 - 0x00007fff42077000 	C:\WINDOWS\SYSTEM32\dhcpcsvc6.DLL
0x00007fff41f50000 - 0x00007fff41f6d000 	C:\WINDOWS\SYSTEM32\dhcpcsvc.DLL
0x00007fff1be10000 - 0x00007fff1be35000 	C:\Program Files (x86)\Java\jdk-1.8\jre\bin\sunec.dll
0x00007fff35c80000 - 0x00007fff35c8d000 	C:\Program Files (x86)\Java\jdk-1.8\jre\bin\sunmscapi.dll
0x00007fff4c860000 - 0x00007fff4c9be000 	C:\WINDOWS\System32\CRYPT32.dll
0x00007fff4bad0000 - 0x00007fff4baf9000 	C:\WINDOWS\SYSTEM32\ncrypt.dll
0x00007fff4ba90000 - 0x00007fff4bacb000 	C:\WINDOWS\SYSTEM32\NTASN1.dll
0x00007fff49e60000 - 0x00007fff4a044000 	C:\WINDOWS\SYSTEM32\dbghelp.dll

VM Arguments:
jvm_args: -agentlib:jdwp=transport=dt_socket,server=n,suspend=y,address=localhost:50219 -Dspring.jmx.enabled=true -Dmanagement.endpoints.jmx.exposure.include=* -Dspring.application.admin.enabled=true -Dspring.boot.project.name=ruoyi-admin -Djava.rmi.server.hostname=localhost -Dcom.sun.management.jmxremote.port=45556 -Dcom.sun.management.jmxremote.authenticate=false -Dcom.sun.management.jmxremote.ssl=false 
java_command: com.ruoyi.RuoYiApplication
java_class_path (initial): C:\Users\Qyentnar\AppData\Local\Temp\cp_5qi9a6kgilbac9l2tw955f75e.jar
Launcher Type: SUN_STANDARD

Environment Variables:
JAVA_HOME=C:\Program Files (x86)\Java\jdk-1.8
CLASSPATH=.;C:\Program Files (x86)\Java\jdk-1.8\lib\dt.jar;C:\Program Files (x86)\Java\jdk-1.8\lib\tools.jar;
PATH=C:\ProgramData\Oracle\Java\javapath;D:\999.OracleDB\product\11.2.0\dbhome_1\bin;C:\Program Files (x86)\Java\jdk-1.8\bin;D:\105.WMS\02.Environment\apache-maven-3.8.1\bin;C:\Program Files (x86)\Common Files\Oracle\Java\javapath;C:\Program Files\Git\cmd;C:\Program Files (x86)\Python27;C:\Program Files (x86)\Python27\Scripts;C:\WINDOWS\system32;C:\WINDOWS;C:\WINDOWS\System32\Wbem;C:\WINDOWS\System32\WindowsPowerShell\v1.0\;C:\WINDOWS\System32\OpenSSH\;C:\Program Files\Microsoft SQL Server\Client SDK\ODBC\170\Tools\Binn\;C:\Program Files\Microsoft SQL Server\150\Tools\Binn\;C:\Program Files\dotnet\;C:\Program Files\TortoiseSVN\bin;C:\Program Files\Microsoft SQL Server\130\Tools\Binn\;C:\Program Files (x86)\dotnet\;C:\Program Files\Microsoft SQL Server\120\DTS\Binn\;C:\Program Files\Microsoft SQL Server\Client SDK\ODBC\110\Tools\Binn\;C:\Program Files (x86)\Microsoft SQL Server\120\Tools\Binn\;C:\Program Files\Microsoft SQL Server\120\Tools\Binn\;C:\Program Files (x86)\Microsoft SQL Server\120\Tools\Binn\ManagementStudio\;C:\Program Files (x86)\Microsoft SQL Server\120\DTS\Binn\;C:\Program Files\jpegoptim;C:\Program Files\Git\usr\bin;D:\phpstudy_pro\Extensions\php\php7.3.4nts;C:\ProgramData\chocolatey\bin;D:\phpstudy_pro\Extensions\MySQL8.0.12\bin;D:\998.My Project\02.Environment\redis3.0.504;C:\Program Files (x86)\Windows Kits\10\Windows Performance Toolkit\;C:\Program Files\nodejs\;C:\Users\Qyentnar\AppData\Local\Microsoft\WindowsApps;C:\Users\Qyentnar\AppData\Local\GitHubDesktop\bin;C:\Program Files\JetBrains\IntelliJ IDEA 2021.1.3\bin;;C:\Users\Qyentnar\AppData\Local\Programs\Microsoft VS Code\bin;C:\Users\Qyentnar\.dotnet\tools;C:\Users\Qyentnar\AppData\Roaming\npm
USERNAME=Qyentnar
OS=Windows_NT
PROCESSOR_IDENTIFIER=Intel64 Family 6 Model 140 Stepping 1, GenuineIntel



---------------  S Y S T E M  ---------------

OS: Windows 10 , 64 bit Build 19041 (10.0.19041.4597)

CPU:total 8 (initial active 8) (4 cores per cpu, 2 threads per core) family 6 model 140 stepping 1, cmov, cx8, fxsr, mmx, sse, sse2, sse3, ssse3, sse4.1, sse4.2, popcnt, avx, avx2, aes, clmul, erms, 3dnowpref, lzcnt, ht, tsc, tscinvbit, bmi1, bmi2, adx

Memory: 4k page, physical 24812200k(1760848k free), swap 53123752k(11604976k free)

vm_info: Java HotSpot(TM) 64-Bit Server VM (25.371-b11) for windows-amd64 JRE (1.8.0_371-b11), built on Mar 17 2023 04:03:45 by "java_re" with MS VC++ 17.1 (VS2022)

time: Wed Jul 31 12:53:46 2024
timezone: SE Asia Standard Time
elapsed time: 11559.476380 seconds (0d 3h 12m 39s)

