#
# A fatal error has been detected by the Java Runtime Environment:
#
#  EXCEPTION_ACCESS_VIOLATION (0xc0000005) at pc=0x000000005822a9e6, pid=7220, tid=0x0000000000000654
#
# JRE version: Java(TM) SE Runtime Environment (8.0_371) (build 1.8.0_371-b11)
# Java VM: Java HotSpot(TM) 64-Bit Server VM (25.371-b11 mixed mode windows-amd64 compressed oops)
# Problematic frame:
# V  [jvm.dll+0x11a9e6]
#
# Failed to write core dump. Minidumps are not enabled by default on client versions of Windows
#
# If you would like to submit a bug report, please visit:
#   http://bugreport.java.com/bugreport/crash.jsp
#

---------------  T H R E A D  ---------------

Current thread (0x0000019df267d800):  GCTaskThread [stack: 0x0000006004000000,0x0000006004100000] [id=1620]

siginfo: ExceptionCode=0xc0000005, reading address 0xffffffffffffffff

Registers:
RAX=0x0000019d8f000000, RBX=0x000000066def63c0, RCX=0x0000000000000000, RDX=0x0000000000000006
RSP=0x00000060040ff1e0, RBP=0x00000007c0009038, RSI=0x0000019df267f250, RDI=0x000000026d24c630
R8 =0x007ffffffe13e263, R9 =0x0000019df267f250, R10=0x0000000000002be3, R11=0x000000066def63d0
R12=0x0000000000000000, R13=0x000000066def6378, R14=0x000000066def63d0, R15=0x00000007c0009040
RIP=0x000000005822a9e6, EFLAGS=0x0000000000010206

Top of Stack: (sp=0x00000060040ff1e0)
0x00000060040ff1e0:   0000019df7d8cf58 0000000000002a00
0x00000060040ff1f0:   000000066da98548 000f4eb900002bb1
0x00000060040ff200:   0000019df26782a0 0000019df267dfb0
0x00000060040ff210:   000000066dac7bd0 00000000584fb13e
0x00000060040ff220:   000000005875dca8 000f4f1a00002bb2
0x00000060040ff230:   0000000000002be3 0000019df267f250
0x00000060040ff240:   0000019df267f250 000000066dac7bd0
0x00000060040ff250:   0000019d00002800 0000019df267dfb0
0x00000060040ff260:   0000019df26782a0 000000005875dca8
0x00000060040ff270:   0000019df267dfa0 0000000000000005
0x00000060040ff280:   0000019dfd985f30 0000000000000000
0x00000060040ff290:   0000019df267f250 00000000584f89df
0x00000060040ff2a0:   000000066def6378 000f4f1a00002bb2
0x00000060040ff2b0:   000f4f1b00002bb2 0000019dfd985f30
0x00000060040ff2c0:   0000000000000000 0000019d00000000
0x00000060040ff2d0:   0000019dfd985f30 00000000584f6499 

Instructions: (pc=0x000000005822a9e6)
0x000000005822a9c6:   05 b5 2f 71 00 49 c1 e8 03 49 d3 e8 41 0f b6 c0
0x000000005822a9d6:   49 c1 e8 06 24 3f 0f b6 d0 48 8b 05 ca 2f 71 00
0x000000005822a9e6:   4a 8b 0c c0 48 0f a3 d1 72 27 48 8b cf e8 18 f8
0x000000005822a9f6:   ff ff 84 c0 74 1b 48 8b d7 48 8b ce e8 d9 88 00 


Register to memory mapping:

RAX=0x0000019d8f000000 is an unknown value
RBX=0x000000066def63c0 is pointing into object: 0x000000066def6378
java.lang.reflect.Method 
 - klass: 'java/lang/reflect/Method'
 - ---- fields (total size 11 words):
 - 'override' 'Z' @12  false
 - volatile 'securityCheckCache' 'Ljava/lang/Object;' @16  NULL (0 0)
 - private volatile transient 'hasRealParameterData' 'Z' @20  false
 - private volatile transient 'parameters' '[Ljava/lang/reflect/Parameter;' @24  a 'java/lang/reflect/Parameter'[1]  (cdbdec7a cda49802)
 - private transient strict 'declaredAnnotations' 'Ljava/util/Map;' @28  a 'java/util/LinkedHashMap' (cda49802 6)
 - private 'slot' 'I' @32  6
 - private 'modifiers' 'I' @36  1
 - private strict 'clazz' 'Ljava/lang/Class;' @40  a 'java/lang/Class' = 'com/ruoyi/web/controller/system/SysUserController' (cda48f97 c8d5e5f8)
 - private 'name' 'Ljava/lang/String;' @44  "edit" (c8d5e5f8 cda3dc1b)
 - private strict 'returnType' 'Ljava/lang/Class;' @48  a 'java/lang/Class' = 'com/ruoyi/common/core/domain/AjaxResult' (cda3dc1b cda498bd)
 - private strict 'parameterTypes' '[Ljava/lang/Class;' @52  a 'java/lang/Class'[1]  (cda498bd c8ac3198)
 - private strict 'exceptionTypes' '[Ljava/lang/Class;' @56  a 'java/lang/Class'[0]  (c8ac3198 0)
 - private transient 'signature' 'Ljava/lang/String;' @60  NULL (0 0)
 - private transient 'genericInfo' 'Lsun/reflect/generics/repository/MethodRepository;' @64  NULL (0 cda498c0)
 - private 'annotations' '[B' @68  [B (cda498c0 4da498c6)
 - private 'parameterAnnotations' '[B' @72  
[error occurred during error reporting (printing register info), id 0xc0000005]

Stack: [0x0000006004000000,0x0000006004100000],  sp=0x00000060040ff1e0,  free space=1020k
Native frames: (J=compiled Java code, j=interpreted, Vv=VM code, C=native code)
V  [jvm.dll+0x11a9e6]
V  [jvm.dll+0x3eb13e]
V  [jvm.dll+0x3e89df]
V  [jvm.dll+0x3e6499]
V  [jvm.dll+0x2a76ac]
C  [ucrtbase.dll+0x21bb2]
C  [KERNEL32.DLL+0x17374]
C  [ntdll.dll+0x4cc91]


---------------  P R O C E S S  ---------------

Java Threads: ( => current thread )
  0x0000019d9cc62800 JavaThread "globalEventExecutor-2-91" [_thread_blocked, id=1716, stack(0x0000006005b00000,0x0000006005c00000)]
  0x0000019d9cc69800 JavaThread "Thread-315" [_thread_blocked, id=18152, stack(0x000000600f300000,0x000000600f400000)]
  0x0000019da4f27000 JavaThread "quartzScheduler_Worker-10" [_thread_blocked, id=1952, stack(0x0000006008300000,0x0000006008400000)]
  0x0000019da4f25800 JavaThread "quartzScheduler_Worker-9" [_thread_blocked, id=23896, stack(0x0000006008100000,0x0000006008200000)]
  0x0000019da4f1c800 JavaThread "quartzScheduler_Worker-7" [_thread_blocked, id=7268, stack(0x0000006007f00000,0x0000006008000000)]
  0x0000019da4f20000 JavaThread "quartzScheduler_Worker-6" [_thread_blocked, id=1856, stack(0x0000006007e00000,0x0000006007f00000)]
  0x0000019da4f22800 JavaThread "quartzScheduler_Worker-5" [_thread_blocked, id=27496, stack(0x0000006007d00000,0x0000006007e00000)]
  0x0000019da4f1e800 JavaThread "quartzScheduler_Worker-4" [_thread_blocked, id=12864, stack(0x0000006007c00000,0x0000006007d00000)]
  0x0000019da4f1d000 JavaThread "quartzScheduler_Worker-2" [_thread_blocked, id=27244, stack(0x0000006007a00000,0x0000006007b00000)]
  0x0000019da4f1e000 JavaThread "quartzScheduler_Worker-1" [_thread_blocked, id=23996, stack(0x0000006007900000,0x0000006007a00000)]
  0x0000019d9cc64000 JavaThread "Java2D Disposer" daemon [_thread_blocked, id=29644, stack(0x0000006005d00000,0x0000006005e00000)]
  0x0000019da7370800 JavaThread "File Watcher" daemon [_thread_blocked, id=25260, stack(0x0000006005400000,0x0000006005500000)]
  0x0000019da736d800 JavaThread "File Watcher" daemon [_thread_blocked, id=28044, stack(0x0000006003700000,0x0000006003800000)]
  0x0000019da736b800 JavaThread "File Watcher" daemon [_thread_blocked, id=22552, stack(0x0000006003900000,0x0000006003a00000)]
  0x0000019d9cc62000 JavaThread "File Watcher" daemon [_thread_blocked, id=18768, stack(0x0000006005600000,0x0000006005700000)]
  0x0000019dfb96c000 JavaThread "File Watcher" daemon [_thread_blocked, id=3080, stack(0x0000006005500000,0x0000006005600000)]
  0x0000019d9cc61000 JavaThread "File Watcher" daemon [_thread_blocked, id=15060, stack(0x0000006003800000,0x0000006003900000)]
  0x0000019da17ff800 JavaThread "DestroyJavaVM" [_thread_blocked, id=29000, stack(0x0000006003a00000,0x0000006003b00000)]
  0x0000019da632c800 JavaThread "Live Reload Server" daemon [_thread_in_native, id=9376, stack(0x0000006008200000,0x0000006008300000)]
  0x0000019da6d64800 JavaThread "mysql-cj-abandoned-connection-cleanup" daemon [_thread_blocked, id=1100, stack(0x0000006005f00000,0x0000006006000000)]
  0x0000019dfbab8000 JavaThread "JMX server connection timeout 27" daemon [_thread_blocked, id=20044, stack(0x0000006005900000,0x0000006005a00000)]
  0x0000019dfbab4800 JavaThread "RMI TCP Connection(2)-127.0.0.1" daemon [_thread_blocked, id=22248, stack(0x0000006005800000,0x0000006005900000)]
  0x0000019dfbaba800 JavaThread "RMI Scheduler(0)" daemon [_thread_blocked, id=15896, stack(0x0000006005700000,0x0000006005800000)]
  0x0000019dfa332000 JavaThread "RMI TCP Accept-0" daemon [_thread_in_native, id=22140, stack(0x0000006005200000,0x0000006005300000)]
  0x0000019df9fb9800 JavaThread "RMI TCP Accept-45556" daemon [_thread_in_native, id=29012, stack(0x0000006005100000,0x0000006005200000)]
  0x0000019dfa16c800 JavaThread "RMI TCP Accept-0" daemon [_thread_in_native, id=17916, stack(0x0000006005000000,0x0000006005100000)]
  0x0000019df8fb0000 JavaThread "Service Thread" daemon [_thread_blocked, id=18696, stack(0x0000006004f00000,0x0000006005000000)]
  0x0000019df8f9e800 JavaThread "C1 CompilerThread3" daemon [_thread_blocked, id=5024, stack(0x0000006004e00000,0x0000006004f00000)]
  0x0000019df8f9b800 JavaThread "C2 CompilerThread2" daemon [_thread_blocked, id=3024, stack(0x0000006004d00000,0x0000006004e00000)]
  0x0000019df8f9a000 JavaThread "C2 CompilerThread1" daemon [_thread_blocked, id=5720, stack(0x0000006004c00000,0x0000006004d00000)]
  0x0000019df8f96800 JavaThread "C2 CompilerThread0" daemon [_thread_blocked, id=15468, stack(0x0000006004b00000,0x0000006004c00000)]
  0x0000019df8f90800 JavaThread "JDWP Command Reader" daemon [_thread_blocked, id=4364, stack(0x0000006004a00000,0x0000006004b00000)]
  0x0000019df8f84000 JavaThread "JDWP Event Helper Thread" daemon [_thread_blocked, id=29596, stack(0x0000006004900000,0x0000006004a00000)]
  0x0000019df6e79000 JavaThread "JDWP Transport Listener: dt_socket" daemon [_thread_blocked, id=17672, stack(0x0000006004800000,0x0000006004900000)]
  0x0000019df6e5e000 JavaThread "Attach Listener" daemon [_thread_blocked, id=21972, stack(0x0000006004700000,0x0000006004800000)]
  0x0000019df6e09000 JavaThread "Signal Dispatcher" daemon [_thread_blocked, id=5064, stack(0x0000006004600000,0x0000006004700000)]
  0x0000019df6dd5800 JavaThread "Finalizer" daemon [_thread_blocked, id=23700, stack(0x0000006004500000,0x0000006004600000)]
  0x0000019df6dce000 JavaThread "Reference Handler" daemon [_thread_blocked, id=22252, stack(0x0000006004400000,0x0000006004500000)]

Other Threads:
  0x0000019df6da3000 VMThread [stack: 0x0000006004300000,0x0000006004400000] [id=13520]
  0x0000019dfa295800 WatcherThread [stack: 0x0000006005300000,0x0000006005400000] [id=25940]

=>0x0000019df267d800 (exited) GCTaskThread [stack: 0x0000006004000000,0x0000006004100000] [id=1620]

VM state:at safepoint (normal execution)

VM Mutex/Monitor currently owned by a thread:  ([mutex/lock_event])
[0x0000019df26581d0] Threads_lock - owner thread: 0x0000019df6da3000
[0x0000019df2658550] Heap_lock - owner thread: 0x0000019d9cc69800

heap address: 0x0000000645600000, size: 6058 MB, Compressed Oops mode: Zero based, Oop shift amount: 3
Narrow klass base: 0x0000000000000000, Narrow klass shift: 3
Compressed class space size: 1073741824 Address: 0x00000007c0000000

Heap:
 PSYoungGen      total 153088K, used 2712K [0x0000000741d00000, 0x000000074da00000, 0x00000007c0000000)
  eden space 150016K, 0% used [0x0000000741d00000,0x0000000741d00000,0x000000074af80000)
  from space 3072K, 88% used [0x000000074d700000,0x000000074d9a6080,0x000000074da00000)
  to   space 3072K, 0% used [0x000000074d400000,0x000000074d400000,0x000000074d700000)
 ParOldGen       total 1531904K, used 1071970K [0x0000000645600000, 0x00000006a2e00000, 0x0000000741d00000)
  object space 1531904K, 69% used [0x0000000645600000,0x0000000686cd8b08,0x00000006a2e00000)
 Metaspace       used 345752K, capacity 370057K, committed 370124K, reserved 1382400K
  class space    used 33532K, capacity 37844K, committed 37848K, reserved 1048576K

Card table byte_map: [0x0000019df43d0000,0x0000019df4fb0000] byte_map_base: 0x0000019df11a5000

Marking Bits: (ParMarkBitMap*) 0x000000005893d980
 Begin Bits: [0x0000019d8f000000, 0x0000019d94ea8000)
 End Bits:   [0x0000019d94ea8000, 0x0000019d9ad50000)

Polling page: 0x0000019df25f0000

CodeCache: size=245760Kb used=125584Kb max_used=125818Kb free=120175Kb
 bounds [0x0000019d80000000, 0x0000019d87bc0000, 0x0000019d8f000000]
 total_blobs=30145 nmethods=29289 adapters=773
 compilation: enabled

Compilation events (10 events):
Event: 26405.895 Thread 0x0000019df8f96800 38536   !   4       org.activiti.engine.impl.interceptor.CommandContext::executeCloseListenersClosing (56 bytes)
Event: 26405.902 Thread 0x0000019df8f96800 nmethod 38536 0x0000019d877d2650 code [0x0000019d877d27e0, 0x0000019d877d2be8]
Event: 26426.066 Thread 0x0000019df8f9e800 38537   !   3       org.activiti.engine.impl.interceptor.CommandContext::close (206 bytes)
Event: 26426.068 Thread 0x0000019df8f9e800 nmethod 38537 0x0000019d87ac6f10 code [0x0000019d87ac72e0, 0x0000019d87ac88a0]
Event: 26502.923 Thread 0x0000019df8f9a000 38538       4       sun.security.jca.ProviderList::getService (43 bytes)
Event: 26502.928 Thread 0x0000019df8f9a000 nmethod 38538 0x0000019d866c1410 code [0x0000019d866c1560, 0x0000019d866c1998]
Event: 26625.100 Thread 0x0000019df8f9e800 38539       3       io.micrometer.core.instrument.AbstractTimer::close (24 bytes)
Event: 26625.102 Thread 0x0000019df8f9e800 nmethod 38539 0x0000019d80757310 code [0x0000019d80757480, 0x0000019d807577c0]
Event: 26625.103 Thread 0x0000019df8f9e800 38540       3       io.micrometer.core.instrument.distribution.Histogram::close (1 bytes)
Event: 26625.104 Thread 0x0000019df8f9e800 nmethod 38540 0x0000019d84811150 code [0x0000019d848112a0, 0x0000019d848113f8]

GC Heap History (10 events):
Event: 26559.611 GC heap after
Heap after GC invocations=448 (full 46):
 PSYoungGen      total 156160K, used 1042K [0x0000000741d00000, 0x000000074dd80000, 0x00000007c0000000)
  eden space 154624K, 0% used [0x0000000741d00000,0x0000000741d00000,0x000000074b400000)
  from space 1536K, 67% used [0x000000074dc00000,0x000000074dd04960,0x000000074dd80000)
  to   space 3072K, 0% used [0x000000074d780000,0x000000074d780000,0x000000074da80000)
 ParOldGen       total 1531904K, used 1071474K [0x0000000645600000, 0x00000006a2e00000, 0x0000000741d00000)
  object space 1531904K, 69% used [0x0000000645600000,0x0000000686c5c9c8,0x00000006a2e00000)
 Metaspace       used 345749K, capacity 370051K, committed 370124K, reserved 1382400K
  class space    used 33532K, capacity 37842K, committed 37848K, reserved 1048576K
}
Event: 26579.935 GC heap before
{Heap before GC invocations=449 (full 46):
 PSYoungGen      total 156160K, used 155666K [0x0000000741d00000, 0x000000074dd80000, 0x00000007c0000000)
  eden space 154624K, 100% used [0x0000000741d00000,0x000000074b400000,0x000000074b400000)
  from space 1536K, 67% used [0x000000074dc00000,0x000000074dd04960,0x000000074dd80000)
  to   space 3072K, 0% used [0x000000074d780000,0x000000074d780000,0x000000074da80000)
 ParOldGen       total 1531904K, used 1071474K [0x0000000645600000, 0x00000006a2e00000, 0x0000000741d00000)
  object space 1531904K, 69% used [0x0000000645600000,0x0000000686c5c9c8,0x00000006a2e00000)
 Metaspace       used 345749K, capacity 370051K, committed 370124K, reserved 1382400K
  class space    used 33532K, capacity 37842K, committed 37848K, reserved 1048576K
Event: 26579.944 GC heap after
Heap after GC invocations=449 (full 46):
 PSYoungGen      total 154624K, used 1335K [0x0000000741d00000, 0x000000074dc80000, 0x00000007c0000000)
  eden space 153088K, 0% used [0x0000000741d00000,0x0000000741d00000,0x000000074b280000)
  from space 1536K, 86% used [0x000000074d780000,0x000000074d8cdd50,0x000000074d900000)
  to   space 3072K, 0% used [0x000000074d980000,0x000000074d980000,0x000000074dc80000)
 ParOldGen       total 1531904K, used 1071474K [0x0000000645600000, 0x00000006a2e00000, 0x0000000741d00000)
  object space 1531904K, 69% used [0x0000000645600000,0x0000000686c5c9c8,0x00000006a2e00000)
 Metaspace       used 345749K, capacity 370051K, committed 370124K, reserved 1382400K
  class space    used 33532K, capacity 37842K, committed 37848K, reserved 1048576K
}
Event: 26600.537 GC heap before
{Heap before GC invocations=450 (full 46):
 PSYoungGen      total 154624K, used 154423K [0x0000000741d00000, 0x000000074dc80000, 0x00000007c0000000)
  eden space 153088K, 100% used [0x0000000741d00000,0x000000074b280000,0x000000074b280000)
  from space 1536K, 86% used [0x000000074d780000,0x000000074d8cdd50,0x000000074d900000)
  to   space 3072K, 0% used [0x000000074d980000,0x000000074d980000,0x000000074dc80000)
 ParOldGen       total 1531904K, used 1071474K [0x0000000645600000, 0x00000006a2e00000, 0x0000000741d00000)
  object space 1531904K, 69% used [0x0000000645600000,0x0000000686c5c9c8,0x00000006a2e00000)
 Metaspace       used 345749K, capacity 370051K, committed 370124K, reserved 1382400K
  class space    used 33532K, capacity 37842K, committed 37848K, reserved 1048576K
Event: 26600.549 GC heap after
Heap after GC invocations=450 (full 46):
 PSYoungGen      total 153088K, used 1528K [0x0000000741d00000, 0x000000074db00000, 0x00000007c0000000)
  eden space 151552K, 0% used [0x0000000741d00000,0x0000000741d00000,0x000000074b100000)
  from space 1536K, 99% used [0x000000074d980000,0x000000074dafe080,0x000000074db00000)
  to   space 3072K, 0% used [0x000000074d500000,0x000000074d500000,0x000000074d800000)
 ParOldGen       total 1531904K, used 1071970K [0x0000000645600000, 0x00000006a2e00000, 0x0000000741d00000)
  object space 1531904K, 69% used [0x0000000645600000,0x0000000686cd8b08,0x00000006a2e00000)
 Metaspace       used 345749K, capacity 370051K, committed 370124K, reserved 1382400K
  class space    used 33532K, capacity 37842K, committed 37848K, reserved 1048576K
}
Event: 26621.142 GC heap before
{Heap before GC invocations=451 (full 46):
 PSYoungGen      total 153088K, used 153080K [0x0000000741d00000, 0x000000074db00000, 0x00000007c0000000)
  eden space 151552K, 100% used [0x0000000741d00000,0x000000074b100000,0x000000074b100000)
  from space 1536K, 99% used [0x000000074d980000,0x000000074dafe080,0x000000074db00000)
  to   space 3072K, 0% used [0x000000074d500000,0x000000074d500000,0x000000074d800000)
 ParOldGen       total 1531904K, used 1071970K [0x0000000645600000, 0x00000006a2e00000, 0x0000000741d00000)
  object space 1531904K, 69% used [0x0000000645600000,0x0000000686cd8b08,0x00000006a2e00000)
 Metaspace       used 345749K, capacity 370051K, committed 370124K, reserved 1382400K
  class space    used 33532K, capacity 37842K, committed 37848K, reserved 1048576K
Event: 26621.152 GC heap after
Heap after GC invocations=451 (full 46):
 PSYoungGen      total 151552K, used 1112K [0x0000000741d00000, 0x000000074da00000, 0x00000007c0000000)
  eden space 150016K, 0% used [0x0000000741d00000,0x0000000741d00000,0x000000074af80000)
  from space 1536K, 72% used [0x000000074d500000,0x000000074d616080,0x000000074d680000)
  to   space 3072K, 0% used [0x000000074d700000,0x000000074d700000,0x000000074da00000)
 ParOldGen       total 1531904K, used 1071970K [0x0000000645600000, 0x00000006a2e00000, 0x0000000741d00000)
  object space 1531904K, 69% used [0x0000000645600000,0x0000000686cd8b08,0x00000006a2e00000)
 Metaspace       used 345749K, capacity 370051K, committed 370124K, reserved 1382400K
  class space    used 33532K, capacity 37842K, committed 37848K, reserved 1048576K
}
Event: 26625.118 GC heap before
{Heap before GC invocations=452 (full 46):
 PSYoungGen      total 151552K, used 44631K [0x0000000741d00000, 0x000000074da00000, 0x00000007c0000000)
  eden space 150016K, 29% used [0x0000000741d00000,0x000000074477fbb8,0x000000074af80000)
  from space 1536K, 72% used [0x000000074d500000,0x000000074d616080,0x000000074d680000)
  to   space 3072K, 0% used [0x000000074d700000,0x000000074d700000,0x000000074da00000)
 ParOldGen       total 1531904K, used 1071970K [0x0000000645600000, 0x00000006a2e00000, 0x0000000741d00000)
  object space 1531904K, 69% used [0x0000000645600000,0x0000000686cd8b08,0x00000006a2e00000)
 Metaspace       used 345752K, capacity 370057K, committed 370124K, reserved 1382400K
  class space    used 33532K, capacity 37844K, committed 37848K, reserved 1048576K
Event: 26625.126 GC heap after
Heap after GC invocations=452 (full 46):
 PSYoungGen      total 153088K, used 2712K [0x0000000741d00000, 0x000000074da00000, 0x00000007c0000000)
  eden space 150016K, 0% used [0x0000000741d00000,0x0000000741d00000,0x000000074af80000)
  from space 3072K, 88% used [0x000000074d700000,0x000000074d9a6080,0x000000074da00000)
  to   space 3072K, 0% used [0x000000074d400000,0x000000074d400000,0x000000074d700000)
 ParOldGen       total 1531904K, used 1071970K [0x0000000645600000, 0x00000006a2e00000, 0x0000000741d00000)
  object space 1531904K, 69% used [0x0000000645600000,0x0000000686cd8b08,0x00000006a2e00000)
 Metaspace       used 345752K, capacity 370057K, committed 370124K, reserved 1382400K
  class space    used 33532K, capacity 37844K, committed 37848K, reserved 1048576K
}
Event: 26625.126 GC heap before
{Heap before GC invocations=453 (full 47):
 PSYoungGen      total 153088K, used 2712K [0x0000000741d00000, 0x000000074da00000, 0x00000007c0000000)
  eden space 150016K, 0% used [0x0000000741d00000,0x0000000741d00000,0x000000074af80000)
  from space 3072K, 88% used [0x000000074d700000,0x000000074d9a6080,0x000000074da00000)
  to   space 3072K, 0% used [0x000000074d400000,0x000000074d400000,0x000000074d700000)
 ParOldGen       total 1531904K, used 1071970K [0x0000000645600000, 0x00000006a2e00000, 0x0000000741d00000)
  object space 1531904K, 69% used [0x0000000645600000,0x0000000686cd8b08,0x00000006a2e00000)
 Metaspace       used 345752K, capacity 370057K, committed 370124K, reserved 1382400K
  class space    used 33532K, capacity 37844K, committed 37848K, reserved 1048576K

Deoptimization events (10 events):
Event: 26028.655 Thread 0x0000019da7370000 Uncommon trap: reason=unstable_if action=reinterpret pc=0x0000019d865d9de0 method=com.fasterxml.jackson.core.json.UTF8StreamJsonParser._skipWSOrEnd()I @ 82
Event: 26033.677 Thread 0x0000019d9d887000 Uncommon trap: reason=unstable_if action=reinterpret pc=0x0000019d82273b00 method=com.mysql.cj.protocol.a.result.TextBufferRow.findAndSeekToOffset(I)I @ 61
Event: 26033.681 Thread 0x0000019d9d887000 Uncommon trap: reason=unstable_if action=reinterpret pc=0x0000019d842af3c0 method=sun.nio.cs.ext.DoubleByte$Decoder.decode([BII[C)I @ 49
Event: 26056.598 Thread 0x0000019da7371800 Uncommon trap: reason=unstable_if action=reinterpret pc=0x0000019d8775b9c0 method=org.apache.ibatis.executor.resultset.DefaultResultSetHandler.createAutomaticMappings(Lorg/apache/ibatis/executor/resultset/ResultSetWrapper;Lorg/apache/ibatis/mapping/Result
Event: 26056.602 Thread 0x0000019da7371800 Uncommon trap: reason=class_check action=maybe_recompile pc=0x0000019d87989ad8 method=org.apache.ibatis.type.IntegerTypeHandler.getNullableResult(Ljava/sql/ResultSet;Ljava/lang/String;)Ljava/lang/Integer; @ 13
Event: 26056.602 Thread 0x0000019da7371800 Uncommon trap: reason=class_check action=maybe_recompile pc=0x0000019d87989ad8 method=org.apache.ibatis.type.IntegerTypeHandler.getNullableResult(Ljava/sql/ResultSet;Ljava/lang/String;)Ljava/lang/Integer; @ 13
Event: 26056.602 Thread 0x0000019da7371800 Uncommon trap: reason=class_check action=maybe_recompile pc=0x0000019d87989ad8 method=org.apache.ibatis.type.IntegerTypeHandler.getNullableResult(Ljava/sql/ResultSet;Ljava/lang/String;)Ljava/lang/Integer; @ 13
Event: 26056.602 Thread 0x0000019da7371800 Uncommon trap: reason=class_check action=maybe_recompile pc=0x0000019d87989ad8 method=org.apache.ibatis.type.IntegerTypeHandler.getNullableResult(Ljava/sql/ResultSet;Ljava/lang/String;)Ljava/lang/Integer; @ 13
Event: 26056.604 Thread 0x0000019da7371800 Uncommon trap: reason=unstable_if action=reinterpret pc=0x0000019d876165cc method=org.activiti.engine.impl.db.DbSqlSession.determineUpdatedObjects()V @ 126
Event: 26319.991 Thread 0x0000019da7373000 Uncommon trap: reason=unstable_if action=reinterpret pc=0x0000019d86cb3c8c method=java.lang.Long.parseLong(Ljava/lang/String;I)J @ 202

Classes redefined (0 events):
No events

Internal exceptions (10 events):
Event: 26199.732 Thread 0x0000019d9cc66800 Exception <a 'java/io/IOException'> (0x0000000743cc6530) thrown at [C:\jenkins\workspace\8-2-build-windows-x64-cygwin\jdk8u371\3355\hotspot\src\share\vm\prims\jni.cpp, line 710]
Event: 26265.741 Thread 0x0000019d9cc62800 Exception <a 'java/io/IOException'> (0x000000074b5f8910) thrown at [C:\jenkins\workspace\8-2-build-windows-x64-cygwin\jdk8u371\3355\hotspot\src\share\vm\prims\jni.cpp, line 710]
Event: 26431.716 Thread 0x0000019d9cc65800 Exception <a 'java/io/IOException'> (0x000000074285e370) thrown at [C:\jenkins\workspace\8-2-build-windows-x64-cygwin\jdk8u371\3355\hotspot\src\share\vm\prims\jni.cpp, line 710]
Event: 26497.654 Thread 0x0000019d9cc60800 Exception <a 'java/io/IOException'> (0x0000000742b26590) thrown at [C:\jenkins\workspace\8-2-build-windows-x64-cygwin\jdk8u371\3355\hotspot\src\share\vm\prims\jni.cpp, line 710]
Event: 26568.685 Thread 0x0000019da2388000 Exception <a 'java/io/IOException'> (0x0000000746182fc0) thrown at [C:\jenkins\workspace\8-2-build-windows-x64-cygwin\jdk8u371\3355\hotspot\src\share\vm\prims\jni.cpp, line 710]
Event: 26624.915 Thread 0x0000019da1b3c800 Exception <a 'java/lang/InterruptedException': sleep interrupted> (0x00000007444745e0) thrown at [C:\jenkins\workspace\8-2-build-windows-x64-cygwin\jdk8u371\3355\hotspot\src\share\vm\prims\jvm.cpp, line 3359]
Event: 26624.969 Thread 0x0000019da1b44000 Exception <a 'java/lang/InterruptedException': sleep interrupted> (0x000000074466ac58) thrown at [C:\jenkins\workspace\8-2-build-windows-x64-cygwin\jdk8u371\3355\hotspot\src\share\vm\prims\jvm.cpp, line 3359]
Event: 26624.970 Thread 0x0000019d9cc69800 Exception <a 'java/net/SocketException': Software caused connection abort: socket write error> (0x0000000744660e60) thrown at [C:\jenkins\workspace\8-2-build-windows-x64-cygwin\jdk8u371\3355\hotspot\src\share\vm\prims\jni.cpp, line 737]
Event: 26624.970 Thread 0x0000019d9cc69800 Exception <a 'java/net/SocketException': Software caused connection abort: socket write error> (0x0000000744665cf0) thrown at [C:\jenkins\workspace\8-2-build-windows-x64-cygwin\jdk8u371\3355\hotspot\src\share\vm\prims\jni.cpp, line 737]
Event: 26625.099 Thread 0x0000019da1b40000 Exception <a 'java/lang/InterruptedException': sleep interrupted> (0x000000074475fee0) thrown at [C:\jenkins\workspace\8-2-build-windows-x64-cygwin\jdk8u371\3355\hotspot\src\share\vm\prims\jvm.cpp, line 3359]

Events (10 events):
Event: 26625.100 Executing VM operation: RevokeBias
Event: 26625.101 Executing VM operation: RevokeBias done
Event: 26625.101 Thread 0x0000019da2390000 Thread exited: 0x0000019da2390000
Event: 26625.101 Thread 0x0000019da2387800 Thread exited: 0x0000019da2387800
Event: 26625.101 Thread 0x0000019da2382000 Thread exited: 0x0000019da2382000
Event: 26625.101 Thread 0x0000019da2381800 Thread exited: 0x0000019da2381800
Event: 26625.101 Thread 0x0000019da4f23000 Thread exited: 0x0000019da4f23000
Event: 26625.104 Thread 0x0000019df8f9e800 flushing nmethod 0x0000019d81270750
Event: 26625.104 Thread 0x0000019df8f9e800 flushing nmethod 0x0000019d813b1950
Event: 26625.118 Executing VM operation: ParallelGCSystemGC


Dynamic libraries:
0x00007ff778700000 - 0x00007ff77874a000 	C:\Program Files (x86)\Java\jdk-1.8\bin\java.exe
0x00007ff860e50000 - 0x00007ff861048000 	C:\WINDOWS\SYSTEM32\ntdll.dll
0x00007ff8604b0000 - 0x00007ff860571000 	C:\WINDOWS\System32\KERNEL32.DLL
0x00007ff85e910000 - 0x00007ff85ec06000 	C:\WINDOWS\System32\KERNELBASE.dll
0x00007ff860580000 - 0x00007ff860630000 	C:\WINDOWS\System32\ADVAPI32.dll
0x00007ff860bc0000 - 0x00007ff860c5e000 	C:\WINDOWS\System32\msvcrt.dll
0x00007ff860b20000 - 0x00007ff860bc0000 	C:\WINDOWS\System32\sechost.dll
0x00007ff860170000 - 0x00007ff860293000 	C:\WINDOWS\System32\RPCRT4.dll
0x00007ff85e6e0000 - 0x00007ff85e707000 	C:\WINDOWS\System32\bcrypt.dll
0x00007ff85f340000 - 0x00007ff85f4df000 	C:\WINDOWS\System32\USER32.dll
0x00007ff85e500000 - 0x00007ff85e522000 	C:\WINDOWS\System32\win32u.dll
0x00007ff85fd00000 - 0x00007ff85fd2b000 	C:\WINDOWS\System32\GDI32.dll
0x00007ff85ec10000 - 0x00007ff85ed27000 	C:\WINDOWS\System32\gdi32full.dll
0x00007ff85ed30000 - 0x00007ff85edcd000 	C:\WINDOWS\System32\msvcp_win.dll
0x00007ff85e810000 - 0x00007ff85e910000 	C:\WINDOWS\System32\ucrtbase.dll
0x00007ff835790000 - 0x00007ff835a2a000 	C:\WINDOWS\WinSxS\amd64_microsoft.windows.common-controls_6595b64144ccf1df_6.0.19041.4355_none_60b8b9eb71f62e16\COMCTL32.dll
0x00007ff85f080000 - 0x00007ff85f0af000 	C:\WINDOWS\System32\IMM32.DLL
0x00007ff817c60000 - 0x00007ff817c7b000 	C:\Program Files (x86)\Java\jdk-1.8\jre\bin\vcruntime140.dll
0x00007ff855120000 - 0x00007ff85512c000 	C:\Program Files (x86)\Java\jdk-1.8\jre\bin\vcruntime140_1.dll
0x00007ff816070000 - 0x00007ff8160fe000 	C:\Program Files (x86)\Java\jdk-1.8\jre\bin\msvcp140.dll
0x0000000058110000 - 0x00000000589b7000 	C:\Program Files (x86)\Java\jdk-1.8\jre\bin\server\jvm.dll
0x00007ff860630000 - 0x00007ff860638000 	C:\WINDOWS\System32\PSAPI.DLL
0x00007ff84c710000 - 0x00007ff84c737000 	C:\WINDOWS\SYSTEM32\WINMM.dll
0x00007ff8546c0000 - 0x00007ff8546ca000 	C:\WINDOWS\SYSTEM32\VERSION.dll
0x00007ff8375c0000 - 0x00007ff8375c9000 	C:\WINDOWS\SYSTEM32\WSOCK32.dll
0x00007ff860310000 - 0x00007ff86037b000 	C:\WINDOWS\System32\WS2_32.dll
0x00007ff85ccd0000 - 0x00007ff85cce2000 	C:\WINDOWS\SYSTEM32\kernel.appcore.dll
0x00007ff82e930000 - 0x00007ff82e940000 	C:\Program Files (x86)\Java\jdk-1.8\jre\bin\verify.dll
0x00007ff82e900000 - 0x00007ff82e92b000 	C:\Program Files (x86)\Java\jdk-1.8\jre\bin\java.dll
0x00007ff81d210000 - 0x00007ff81d246000 	C:\Program Files (x86)\Java\jdk-1.8\jre\bin\jdwp.dll
0x00007ff8556f0000 - 0x00007ff8556f9000 	C:\Program Files (x86)\Java\jdk-1.8\jre\bin\npt.dll
0x00007ff82e650000 - 0x00007ff82e668000 	C:\Program Files (x86)\Java\jdk-1.8\jre\bin\zip.dll
0x00007ff85f590000 - 0x00007ff85fcfc000 	C:\WINDOWS\System32\SHELL32.dll
0x00007ff85c260000 - 0x00007ff85c9fe000 	C:\WINDOWS\SYSTEM32\windows.storage.dll
0x00007ff85fd30000 - 0x00007ff860083000 	C:\WINDOWS\System32\combase.dll
0x00007ff85de40000 - 0x00007ff85de6e000 	C:\WINDOWS\SYSTEM32\Wldp.dll
0x00007ff85f110000 - 0x00007ff85f1dd000 	C:\WINDOWS\System32\OLEAUT32.dll
0x00007ff85f4e0000 - 0x00007ff85f58d000 	C:\WINDOWS\System32\SHCORE.dll
0x00007ff85f0b0000 - 0x00007ff85f105000 	C:\WINDOWS\System32\shlwapi.dll
0x00007ff85e430000 - 0x00007ff85e454000 	C:\WINDOWS\SYSTEM32\profapi.dll
0x00007ff855100000 - 0x00007ff85510a000 	C:\Program Files (x86)\Java\jdk-1.8\jre\bin\dt_socket.dll
0x00007ff838cb0000 - 0x00007ff838cc7000 	C:\WINDOWS\system32\napinsp.dll
0x00007ff838c90000 - 0x00007ff838cab000 	C:\WINDOWS\system32\pnrpnsp.dll
0x00007ff8585a0000 - 0x00007ff8585b5000 	C:\WINDOWS\system32\wshbth.dll
0x00007ff858360000 - 0x00007ff85837d000 	C:\WINDOWS\system32\NLAapi.dll
0x00007ff85d8d0000 - 0x00007ff85d90b000 	C:\WINDOWS\SYSTEM32\IPHLPAPI.DLL
0x00007ff85dc20000 - 0x00007ff85dc8a000 	C:\WINDOWS\System32\mswsock.dll
0x00007ff85d910000 - 0x00007ff85d9da000 	C:\WINDOWS\SYSTEM32\DNSAPI.dll
0x00007ff860b10000 - 0x00007ff860b18000 	C:\WINDOWS\System32\NSI.dll
0x00007ff838aa0000 - 0x00007ff838ab2000 	C:\WINDOWS\System32\winrnr.dll
0x00007ff850f70000 - 0x00007ff850ff0000 	C:\WINDOWS\System32\fwpuclnt.dll
0x00007ff854640000 - 0x00007ff85464a000 	C:\Windows\System32\rasadhlp.dll
0x00007ff827f60000 - 0x00007ff827f6d000 	C:\Program Files (x86)\Java\jdk-1.8\jre\bin\management.dll
0x00007ff82bbf0000 - 0x00007ff82bc0c000 	C:\Program Files (x86)\Java\jdk-1.8\jre\bin\net.dll
0x00007ff82bbd0000 - 0x00007ff82bbe3000 	C:\Program Files (x86)\Java\jdk-1.8\jre\bin\nio.dll
0x00007ff85de80000 - 0x00007ff85de98000 	C:\WINDOWS\SYSTEM32\CRYPTSP.dll
0x00007ff85d4f0000 - 0x00007ff85d524000 	C:\WINDOWS\system32\rsaenh.dll
0x00007ff85e3a0000 - 0x00007ff85e3ce000 	C:\WINDOWS\SYSTEM32\USERENV.dll
0x00007ff85e710000 - 0x00007ff85e792000 	C:\WINDOWS\System32\bcryptprimitives.dll
0x00007ff85ddb0000 - 0x00007ff85ddbc000 	C:\WINDOWS\SYSTEM32\CRYPTBASE.dll
0x00007ff854650000 - 0x00007ff854667000 	C:\WINDOWS\SYSTEM32\dhcpcsvc6.DLL
0x00007ff854620000 - 0x00007ff85463d000 	C:\WINDOWS\SYSTEM32\dhcpcsvc.DLL
0x00007ff82a790000 - 0x00007ff82a7b5000 	C:\Program Files (x86)\Java\jdk-1.8\jre\bin\sunec.dll
0x00007ff855700000 - 0x00007ff85570d000 	C:\Program Files (x86)\Java\jdk-1.8\jre\bin\sunmscapi.dll
0x00007ff85e530000 - 0x00007ff85e68e000 	C:\WINDOWS\System32\CRYPT32.dll
0x00007ff85df90000 - 0x00007ff85dfb9000 	C:\WINDOWS\SYSTEM32\ncrypt.dll
0x00007ff85df50000 - 0x00007ff85df8b000 	C:\WINDOWS\SYSTEM32\NTASN1.dll
0x00007fff8c9b0000 - 0x00007fff8cb2e000 	C:\Program Files (x86)\Java\jdk-1.8\jre\bin\awt.dll
0x00007ff857f00000 - 0x00007ff857f94000 	C:\WINDOWS\SYSTEM32\apphelp.dll
0x00007ff85b980000 - 0x00007ff85b9af000 	C:\WINDOWS\system32\DWMAPI.DLL
0x00007ff858ea0000 - 0x00007ff858f3e000 	C:\WINDOWS\system32\uxtheme.dll
0x00007ff85cad0000 - 0x00007ff85ccb4000 	C:\WINDOWS\SYSTEM32\dbghelp.dll

VM Arguments:
jvm_args: -agentlib:jdwp=transport=dt_socket,server=n,suspend=y,address=localhost:60799 -Dspring.jmx.enabled=true -Dmanagement.endpoints.jmx.exposure.include=* -Dspring.application.admin.enabled=true -Dspring.boot.project.name=ruoyi-admin -Djava.rmi.server.hostname=localhost -Dcom.sun.management.jmxremote.port=45556 -Dcom.sun.management.jmxremote.authenticate=false -Dcom.sun.management.jmxremote.ssl=false 
java_command: com.ruoyi.RuoYiApplication
java_class_path (initial): C:\Users\Qyentnar\AppData\Local\Temp\cp_65evsoboeyo7pjs8ft5kfeo1k.jar
Launcher Type: SUN_STANDARD

Environment Variables:
JAVA_HOME=C:\Program Files (x86)\Java\jdk-1.8
CLASSPATH=.;C:\Program Files (x86)\Java\jdk-1.8\lib\dt.jar;C:\Program Files (x86)\Java\jdk-1.8\lib\tools.jar;
PATH=C:\ProgramData\Oracle\Java\javapath;D:\999.OracleDB\product\11.2.0\dbhome_1\bin;C:\Program Files (x86)\Java\jdk-1.8\bin;D:\105.WMS\02.Environment\apache-maven-3.8.1\bin;C:\Program Files (x86)\Common Files\Oracle\Java\javapath;C:\Program Files\Git\cmd;C:\Program Files (x86)\Python27;C:\Program Files (x86)\Python27\Scripts;C:\WINDOWS\system32;C:\WINDOWS;C:\WINDOWS\System32\Wbem;C:\WINDOWS\System32\WindowsPowerShell\v1.0\;C:\WINDOWS\System32\OpenSSH\;C:\Program Files\Microsoft SQL Server\Client SDK\ODBC\170\Tools\Binn\;C:\Program Files\Microsoft SQL Server\150\Tools\Binn\;C:\Program Files\dotnet\;C:\Program Files\TortoiseSVN\bin;C:\Program Files\Microsoft SQL Server\130\Tools\Binn\;C:\Program Files (x86)\dotnet\;C:\Program Files\Microsoft SQL Server\120\DTS\Binn\;C:\Program Files\Microsoft SQL Server\Client SDK\ODBC\110\Tools\Binn\;C:\Program Files (x86)\Microsoft SQL Server\120\Tools\Binn\;C:\Program Files\Microsoft SQL Server\120\Tools\Binn\;C:\Program Files (x86)\Microsoft SQL Server\120\Tools\Binn\ManagementStudio\;C:\Program Files (x86)\Microsoft SQL Server\120\DTS\Binn\;C:\Program Files\jpegoptim;C:\Program Files\Git\usr\bin;D:\phpstudy_pro\Extensions\php\php7.3.4nts;C:\ProgramData\chocolatey\bin;D:\phpstudy_pro\Extensions\MySQL8.0.12\bin;D:\998.My Project\02.Environment\redis3.0.504;C:\Program Files (x86)\Windows Kits\10\Windows Performance Toolkit\;C:\Program Files\nodejs\;C:\Users\Qyentnar\AppData\Local\Microsoft\WindowsApps;C:\Users\Qyentnar\AppData\Local\GitHubDesktop\bin;C:\Program Files\JetBrains\IntelliJ IDEA 2021.1.3\bin;;C:\Users\Qyentnar\AppData\Local\Programs\Microsoft VS Code\bin;C:\Users\Qyentnar\.dotnet\tools;C:\Users\Qyentnar\AppData\Roaming\npm
USERNAME=Qyentnar
OS=Windows_NT
PROCESSOR_IDENTIFIER=Intel64 Family 6 Model 140 Stepping 1, GenuineIntel



---------------  S Y S T E M  ---------------

OS: Windows 10 , 64 bit Build 19041 (10.0.19041.4597)

CPU:total 8 (initial active 8) (4 cores per cpu, 2 threads per core) family 6 model 140 stepping 1, cmov, cx8, fxsr, mmx, sse, sse2, sse3, ssse3, sse4.1, sse4.2, popcnt, avx, avx2, aes, clmul, erms, 3dnowpref, lzcnt, ht, tsc, tscinvbit, bmi1, bmi2, adx

Memory: 4k page, physical 24812200k(1212172k free), swap 53123752k(10715972k free)

vm_info: Java HotSpot(TM) 64-Bit Server VM (25.371-b11) for windows-amd64 JRE (1.8.0_371-b11), built on Mar 17 2023 04:03:45 by "java_re" with MS VC++ 17.1 (VS2022)

time: Fri Aug  9 15:55:44 2024
timezone: SE Asia Standard Time
elapsed time: 26626.117597 seconds (0d 7h 23m 46s)

