#
# A fatal error has been detected by the Java Runtime Environment:
#
#  EXCEPTION_ACCESS_VIOLATION (0xc0000005) at pc=0x00000000581cc5ea, pid=27460, tid=0x00000000000015e8
#
# JRE version: Java(TM) SE Runtime Environment (8.0_371) (build 1.8.0_371-b11)
# Java VM: Java HotSpot(TM) 64-Bit Server VM (25.371-b11 mixed mode windows-amd64 compressed oops)
# Problematic frame:
# V  [jvm.dll+0xbc5ea]
#
# Failed to write core dump. Minidumps are not enabled by default on client versions of Windows
#
# If you would like to submit a bug report, please visit:
#   http://bugreport.java.com/bugreport/crash.jsp
#

---------------  T H R E A D  ---------------

Current thread (0x000001967cd30800):  GCTaskThread [stack: 0x0000004183c00000,0x0000004183d00000] [id=5608]

siginfo: ExceptionCode=0xc0000005, reading address 0x00000003c02edd30

Registers:
RAX=0x0000000000000001, RBX=0x0000000784feb074, RCX=0x0000000000000003, RDX=0x0000000789c063b8
RSP=0x0000004183cff648, RBP=0x0000000000000035, RSI=0x0000000789c063b8, RDI=0x0000000000000007
R8 =0x00000003c02edd28, R9 =0x0000000000000001, R10=0x0000000000000005, R11=0x00007ff817c615c3
R12=0x0000000000000000, R13=0x000001967cd30ee0, R14=0x000001961c22cc00, R15=0x000001967cd26f01
RIP=0x00000000581cc5ea, EFLAGS=0x0000000000010206

Top of Stack: (sp=0x0000004183cff648)
0x0000004183cff648:   0000000058504648 0000000000000005
0x0000004183cff658:   0000000784feb060 0000000000000035
0x0000004183cff668:   0000000784d7d26c 000001967cd26f60
0x0000004183cff678:   000001961c22cc00 0000000789c06268
0x0000004183cff688:   0000000058504984 000001967cd26f01
0x0000004183cff698:   000001961c22cca0 0000000000000000
0x0000004183cff6a8:   0000000000000007 000001961c22cc00
0x0000004183cff6b8:   00000000585052d5 0000000784feb074
0x0000004183cff6c8:   000000000000003d 0000000000003047
0x0000004183cff6d8:   000000005875f720 000001967cd30ed0
0x0000004183cff6e8:   0000000000000007 000001967cd26f60
0x0000004183cff6f8:   000000005875f720 000001967cd30ed0
0x0000004183cff708:   0000000000000007 000001962dadacf0
0x0000004183cff718:   0000000000000000 000001961c22cc00
0x0000004183cff728:   000000005850833f 0000000784feb075
0x0000004183cff738:   000001961c22cc00 0000000000000000 

Instructions: (pc=0x00000000581cc5ea)
0x00000000581cc5ca:   d1 45 84 c9 74 16 44 8b 41 08 8b 0d 0e f7 6e 00
0x00000000581cc5da:   49 d3 e0 4c 03 05 fc f6 6e 00 eb 04 4c 8b 41 08
0x00000000581cc5ea:   45 8b 50 08 45 85 d2 7e 0e 41 f6 c2 01 75 51 41
0x00000000581cc5fa:   c1 fa 03 41 8b c2 c3 79 47 45 84 c9 b9 0c 00 00 


Register to memory mapping:

RAX=0x0000000000000001 is an unknown value
RBX=0x0000000784feb074 is an unknown value
RCX=0x0000000000000003 is an unknown value
RDX=0x0000000789c063b8 is an oop

[error occurred during error reporting (printing register info), id 0xc0000005]

Stack: [0x0000004183c00000,0x0000004183d00000],  sp=0x0000004183cff648,  free space=1021k
Native frames: (J=compiled Java code, j=interpreted, Vv=VM code, C=native code)
V  [jvm.dll+0xbc5ea]


---------------  P R O C E S S  ---------------

Java Threads: ( => current thread )
  0x00000196338be000 JavaThread "schedule-pool-1" daemon [_thread_blocked, id=11908, stack(0x000000418e500000,0x000000418e600000)]
  0x0000019629236000 JavaThread "lettuce-nioEventLoop-37-8" daemon [_thread_in_native, id=14192, stack(0x000000418e400000,0x000000418e500000)]
  0x0000019629235000 JavaThread "lettuce-nioEventLoop-37-7" daemon [_thread_in_native, id=23020, stack(0x000000418e300000,0x000000418e400000)]
  0x0000019629238000 JavaThread "lettuce-nioEventLoop-37-6" daemon [_thread_in_native, id=2472, stack(0x000000418e200000,0x000000418e300000)]
  0x0000019629234800 JavaThread "lettuce-nioEventLoop-37-5" daemon [_thread_in_native, id=25380, stack(0x0000004184e00000,0x0000004184f00000)]
  0x0000019629233000 JavaThread "lettuce-nioEventLoop-37-4" daemon [_thread_in_native, id=22148, stack(0x0000004183100000,0x0000004183200000)]
  0x0000019629236800 JavaThread "lettuce-nioEventLoop-37-3" daemon [_thread_in_native, id=23244, stack(0x0000004183300000,0x0000004183400000)]
  0x0000019629232000 JavaThread "lettuce-nioEventLoop-37-2" daemon [_thread_in_native, id=23604, stack(0x0000004183200000,0x0000004183300000)]
  0x0000019629231800 JavaThread "http-nio-8202-Acceptor" daemon [_thread_in_native, id=24676, stack(0x000000418e000000,0x000000418e100000)]
  0x0000019629230800 JavaThread "http-nio-8202-Poller" daemon [_thread_in_native, id=14124, stack(0x000000418df00000,0x000000418e000000)]
  0x0000019629229000 JavaThread "http-nio-8202-exec-100" daemon [_thread_blocked, id=8772, stack(0x000000418de00000,0x000000418df00000)]
  0x0000019629230000 JavaThread "http-nio-8202-exec-99" daemon [_thread_blocked, id=27580, stack(0x000000418dd00000,0x000000418de00000)]
  0x000001962922e800 JavaThread "http-nio-8202-exec-98" daemon [_thread_blocked, id=19824, stack(0x000000418dc00000,0x000000418dd00000)]
  0x000001962922a000 JavaThread "http-nio-8202-exec-97" daemon [_thread_blocked, id=4128, stack(0x000000418db00000,0x000000418dc00000)]
  0x000001962922b800 JavaThread "http-nio-8202-exec-96" daemon [_thread_blocked, id=28992, stack(0x000000418da00000,0x000000418db00000)]
  0x000001962922f000 JavaThread "http-nio-8202-exec-95" daemon [_thread_blocked, id=3580, stack(0x000000418d900000,0x000000418da00000)]
  0x0000019625992800 JavaThread "http-nio-8202-exec-94" daemon [_thread_blocked, id=27672, stack(0x000000418d800000,0x000000418d900000)]
  0x0000019625991800 JavaThread "http-nio-8202-exec-93" daemon [_thread_blocked, id=12612, stack(0x000000418d700000,0x000000418d800000)]
  0x0000019625991000 JavaThread "http-nio-8202-exec-92" daemon [_thread_blocked, id=13744, stack(0x000000418d600000,0x000000418d700000)]
  0x0000019625990000 JavaThread "http-nio-8202-exec-91" daemon [_thread_blocked, id=1652, stack(0x000000418d500000,0x000000418d600000)]
  0x000001962598f800 JavaThread "http-nio-8202-exec-90" daemon [_thread_blocked, id=28916, stack(0x000000418d400000,0x000000418d500000)]
  0x0000019625988000 JavaThread "http-nio-8202-exec-89" daemon [_thread_blocked, id=1856, stack(0x000000418d300000,0x000000418d400000)]
  0x000001962598e800 JavaThread "http-nio-8202-exec-88" daemon [_thread_blocked, id=4332, stack(0x000000418d200000,0x000000418d300000)]
  0x000001962598e000 JavaThread "http-nio-8202-exec-87" daemon [_thread_blocked, id=2648, stack(0x000000418d100000,0x000000418d200000)]
  0x0000019625987000 JavaThread "http-nio-8202-exec-86" daemon [_thread_blocked, id=25680, stack(0x000000418d000000,0x000000418d100000)]
  0x000001962598a000 JavaThread "http-nio-8202-exec-85" daemon [_thread_blocked, id=14304, stack(0x000000418cf00000,0x000000418d000000)]
  0x0000019625986800 JavaThread "http-nio-8202-exec-84" daemon [_thread_blocked, id=23056, stack(0x000000418ce00000,0x000000418cf00000)]
  0x0000019625988800 JavaThread "http-nio-8202-exec-83" daemon [_thread_blocked, id=23316, stack(0x000000418cd00000,0x000000418ce00000)]
  0x000001962598d000 JavaThread "http-nio-8202-exec-82" daemon [_thread_blocked, id=3012, stack(0x000000418cc00000,0x000000418cd00000)]
  0x0000019625989800 JavaThread "http-nio-8202-exec-81" daemon [_thread_blocked, id=19044, stack(0x000000418cb00000,0x000000418cc00000)]
  0x000001962598b800 JavaThread "http-nio-8202-exec-80" daemon [_thread_blocked, id=23840, stack(0x000000418ca00000,0x000000418cb00000)]
  0x000001962598c800 JavaThread "http-nio-8202-exec-79" daemon [_thread_blocked, id=21760, stack(0x000000418c900000,0x000000418ca00000)]
  0x0000019627eb4800 JavaThread "http-nio-8202-exec-78" daemon [_thread_blocked, id=6892, stack(0x000000418c800000,0x000000418c900000)]
  0x0000019627eb3000 JavaThread "http-nio-8202-exec-77" daemon [_thread_blocked, id=24780, stack(0x000000418c700000,0x000000418c800000)]
  0x0000019627eb4000 JavaThread "http-nio-8202-exec-76" daemon [_thread_blocked, id=10312, stack(0x000000418c600000,0x000000418c700000)]
  0x0000019627eb1800 JavaThread "http-nio-8202-exec-75" daemon [_thread_blocked, id=19904, stack(0x000000418c500000,0x000000418c600000)]
  0x0000019627eb0000 JavaThread "http-nio-8202-exec-74" daemon [_thread_blocked, id=20708, stack(0x000000418c400000,0x000000418c500000)]
  0x0000019627ea8800 JavaThread "http-nio-8202-exec-73" daemon [_thread_blocked, id=28640, stack(0x000000418c300000,0x000000418c400000)]
  0x0000019627eaf800 JavaThread "http-nio-8202-exec-72" daemon [_thread_blocked, id=15948, stack(0x000000418c200000,0x000000418c300000)]
  0x0000019627eaa000 JavaThread "http-nio-8202-exec-71" daemon [_thread_blocked, id=14424, stack(0x000000418c100000,0x000000418c200000)]
  0x0000019627ea8000 JavaThread "http-nio-8202-exec-70" daemon [_thread_blocked, id=20344, stack(0x000000418c000000,0x000000418c100000)]
  0x0000019627eac800 JavaThread "http-nio-8202-exec-69" daemon [_thread_blocked, id=14544, stack(0x000000418bf00000,0x000000418c000000)]
  0x0000019627eab800 JavaThread "http-nio-8202-exec-68" daemon [_thread_blocked, id=25020, stack(0x000000418be00000,0x000000418bf00000)]
  0x0000019627ead000 JavaThread "http-nio-8202-exec-67" daemon [_thread_blocked, id=23660, stack(0x000000418bd00000,0x000000418be00000)]
  0x0000019627eae800 JavaThread "http-nio-8202-exec-66" daemon [_thread_blocked, id=14112, stack(0x000000418bc00000,0x000000418bd00000)]
  0x0000019627eab000 JavaThread "http-nio-8202-exec-65" daemon [_thread_blocked, id=28744, stack(0x000000418bb00000,0x000000418bc00000)]
  0x0000019627ea5800 JavaThread "http-nio-8202-exec-64" daemon [_thread_blocked, id=16804, stack(0x000000418ba00000,0x000000418bb00000)]
  0x0000019627ea6800 JavaThread "http-nio-8202-exec-63" daemon [_thread_blocked, id=24380, stack(0x000000418b900000,0x000000418ba00000)]
  0x000001962280a800 JavaThread "http-nio-8202-exec-62" daemon [_thread_blocked, id=8288, stack(0x000000418b800000,0x000000418b900000)]
  0x000001962280a000 JavaThread "http-nio-8202-exec-61" daemon [_thread_blocked, id=5464, stack(0x000000418b700000,0x000000418b800000)]
  0x0000019622807800 JavaThread "http-nio-8202-exec-60" daemon [_thread_blocked, id=21768, stack(0x000000418b600000,0x000000418b700000)]
  0x0000019622808800 JavaThread "http-nio-8202-exec-59" daemon [_thread_blocked, id=22108, stack(0x000000418b500000,0x000000418b600000)]
  0x000001962280b800 JavaThread "http-nio-8202-exec-58" daemon [_thread_blocked, id=20612, stack(0x000000418b400000,0x000000418b500000)]
  0x0000019622809000 JavaThread "http-nio-8202-exec-57" daemon [_thread_blocked, id=20080, stack(0x000000418b300000,0x000000418b400000)]
  0x0000019622807000 JavaThread "http-nio-8202-exec-56" daemon [_thread_blocked, id=21064, stack(0x000000418b200000,0x000000418b300000)]
  0x00000196227ff800 JavaThread "http-nio-8202-exec-55" daemon [_thread_blocked, id=12156, stack(0x000000418b100000,0x000000418b200000)]
  0x0000019622802800 JavaThread "http-nio-8202-exec-54" daemon [_thread_blocked, id=16956, stack(0x000000418b000000,0x000000418b100000)]
  0x0000019622801000 JavaThread "http-nio-8202-exec-53" daemon [_thread_blocked, id=24124, stack(0x000000418af00000,0x000000418b000000)]
  0x0000019622806000 JavaThread "http-nio-8202-exec-52" daemon [_thread_blocked, id=28560, stack(0x000000418ae00000,0x000000418af00000)]
  0x0000019622800000 JavaThread "http-nio-8202-exec-51" daemon [_thread_blocked, id=14332, stack(0x000000418ad00000,0x000000418ae00000)]
  0x0000019622801800 JavaThread "http-nio-8202-exec-50" daemon [_thread_blocked, id=11412, stack(0x000000418ac00000,0x000000418ad00000)]
  0x0000019622803000 JavaThread "http-nio-8202-exec-49" daemon [_thread_blocked, id=27744, stack(0x000000418ab00000,0x000000418ac00000)]
  0x00000196227fe800 JavaThread "http-nio-8202-exec-48" daemon [_thread_blocked, id=20176, stack(0x000000418aa00000,0x000000418ab00000)]
  0x0000019622805800 JavaThread "http-nio-8202-exec-47" daemon [_thread_blocked, id=29604, stack(0x000000418a900000,0x000000418aa00000)]
  0x00000196227fe000 JavaThread "http-nio-8202-exec-46" daemon [_thread_blocked, id=23284, stack(0x000000418a800000,0x000000418a900000)]
  0x0000019624a85800 JavaThread "http-nio-8202-exec-45" daemon [_thread_blocked, id=29228, stack(0x000000418a700000,0x000000418a800000)]
  0x0000019624a86000 JavaThread "http-nio-8202-exec-44" daemon [_thread_blocked, id=9488, stack(0x000000418a600000,0x000000418a700000)]
  0x0000019624a84800 JavaThread "http-nio-8202-exec-43" daemon [_thread_blocked, id=27772, stack(0x000000418a500000,0x000000418a600000)]
  0x0000019624a84000 JavaThread "http-nio-8202-exec-42" daemon [_thread_blocked, id=25312, stack(0x000000418a400000,0x000000418a500000)]
  0x0000019624a83000 JavaThread "http-nio-8202-exec-41" daemon [_thread_blocked, id=19328, stack(0x000000418a300000,0x000000418a400000)]
  0x0000019624a88800 JavaThread "http-nio-8202-exec-40" daemon [_thread_blocked, id=15432, stack(0x000000418a200000,0x000000418a300000)]
  0x0000019624a87000 JavaThread "http-nio-8202-exec-39" daemon [_thread_blocked, id=11760, stack(0x000000418a100000,0x000000418a200000)]
  0x0000019624a7b800 JavaThread "http-nio-8202-exec-38" daemon [_thread_blocked, id=26404, stack(0x000000418a000000,0x000000418a100000)]
  0x0000019624a82800 JavaThread "http-nio-8202-exec-37" daemon [_thread_blocked, id=13296, stack(0x0000004189f00000,0x000000418a000000)]
  0x0000019624a7b000 JavaThread "http-nio-8202-exec-36" daemon [_thread_blocked, id=3936, stack(0x0000004189e00000,0x0000004189f00000)]
  0x0000019624a81800 JavaThread "http-nio-8202-exec-35" daemon [_thread_blocked, id=11736, stack(0x0000004189d00000,0x0000004189e00000)]
  0x0000019624a7a000 JavaThread "http-nio-8202-exec-34" daemon [_thread_blocked, id=27568, stack(0x0000004189c00000,0x0000004189d00000)]
  0x0000019624a81000 JavaThread "http-nio-8202-exec-33" daemon [_thread_blocked, id=8756, stack(0x0000004189b00000,0x0000004189c00000)]
  0x0000019624a80000 JavaThread "http-nio-8202-exec-32" daemon [_thread_blocked, id=13480, stack(0x0000004189a00000,0x0000004189b00000)]
  0x0000019624a7e000 JavaThread "http-nio-8202-exec-31" daemon [_thread_blocked, id=2452, stack(0x0000004189900000,0x0000004189a00000)]
  0x0000019624a7f800 JavaThread "http-nio-8202-exec-30" daemon [_thread_blocked, id=22712, stack(0x0000004189800000,0x0000004189900000)]
  0x0000019624a7e800 JavaThread "http-nio-8202-exec-29" daemon [_thread_blocked, id=13028, stack(0x0000004189700000,0x0000004189800000)]
  0x0000019625764800 JavaThread "http-nio-8202-exec-28" daemon [_thread_blocked, id=19988, stack(0x0000004189600000,0x0000004189700000)]
  0x0000019625763800 JavaThread "http-nio-8202-exec-27" daemon [_thread_blocked, id=11200, stack(0x0000004189500000,0x0000004189600000)]
  0x0000019625763000 JavaThread "http-nio-8202-exec-26" daemon [_thread_blocked, id=26756, stack(0x0000004189400000,0x0000004189500000)]
  0x0000019625761800 JavaThread "http-nio-8202-exec-25" daemon [_thread_blocked, id=3080, stack(0x0000004189300000,0x0000004189400000)]
  0x0000019625760800 JavaThread "http-nio-8202-exec-24" daemon [_thread_blocked, id=9372, stack(0x0000004189200000,0x0000004189300000)]
  0x0000019625762000 JavaThread "http-nio-8202-exec-23" daemon [_thread_blocked, id=2492, stack(0x0000004189100000,0x0000004189200000)]
  0x0000019625765000 JavaThread "http-nio-8202-exec-22" daemon [_thread_blocked, id=27500, stack(0x0000004189000000,0x0000004189100000)]
  0x0000019625759000 JavaThread "http-nio-8202-exec-21" daemon [_thread_blocked, id=18212, stack(0x0000004188f00000,0x0000004189000000)]
  0x0000019625760000 JavaThread "http-nio-8202-exec-20" daemon [_thread_blocked, id=25320, stack(0x0000004188e00000,0x0000004188f00000)]
  0x0000019625758800 JavaThread "http-nio-8202-exec-19" daemon [_thread_blocked, id=10620, stack(0x0000004188d00000,0x0000004188e00000)]
  0x000001962575f000 JavaThread "http-nio-8202-exec-18" daemon [_thread_blocked, id=21448, stack(0x0000004188c00000,0x0000004188d00000)]
  0x000001962575e800 JavaThread "http-nio-8202-exec-17" daemon [_thread_blocked, id=26152, stack(0x0000004188b00000,0x0000004188c00000)]
  0x0000019625757800 JavaThread "http-nio-8202-exec-16" daemon [_thread_blocked, id=11124, stack(0x0000004188a00000,0x0000004188b00000)]
  0x0000019625757000 JavaThread "http-nio-8202-exec-15" daemon [_thread_blocked, id=13648, stack(0x0000004188900000,0x0000004188a00000)]
  0x000001962575d800 JavaThread "http-nio-8202-exec-14" daemon [_thread_blocked, id=10376, stack(0x0000004188800000,0x0000004188900000)]
  0x0000019625756000 JavaThread "http-nio-8202-exec-13" daemon [_thread_blocked, id=15736, stack(0x0000004188700000,0x0000004188800000)]
  0x000001962575a000 JavaThread "http-nio-8202-exec-12" daemon [_thread_blocked, id=23976, stack(0x0000004188600000,0x0000004188700000)]
  0x000001962575d000 JavaThread "http-nio-8202-exec-11" daemon [_thread_blocked, id=26276, stack(0x0000004188500000,0x0000004188600000)]
  0x000001962575c000 JavaThread "http-nio-8202-exec-10" daemon [_thread_blocked, id=1208, stack(0x0000004188400000,0x0000004188500000)]
  0x0000019620bae800 JavaThread "http-nio-8202-exec-9" daemon [_thread_blocked, id=26148, stack(0x0000004188300000,0x0000004188400000)]
  0x0000019620bae000 JavaThread "http-nio-8202-exec-8" daemon [_thread_blocked, id=15976, stack(0x0000004188200000,0x0000004188300000)]
  0x0000019620ba8800 JavaThread "http-nio-8202-exec-7" daemon [_thread_blocked, id=26504, stack(0x0000004188100000,0x0000004188200000)]
  0x0000019620ba7000 JavaThread "http-nio-8202-exec-6" daemon [_thread_blocked, id=6464, stack(0x0000004188000000,0x0000004188100000)]
  0x0000019620ba6800 JavaThread "http-nio-8202-exec-5" daemon [_thread_blocked, id=16796, stack(0x0000004187f00000,0x0000004188000000)]
  0x0000019620bad000 JavaThread "http-nio-8202-exec-4" daemon [_thread_blocked, id=12804, stack(0x0000004187e00000,0x0000004187f00000)]
  0x0000019620bac800 JavaThread "http-nio-8202-exec-3" daemon [_thread_blocked, id=26600, stack(0x0000004187b00000,0x0000004187c00000)]
  0x0000019620baa000 JavaThread "http-nio-8202-exec-2" daemon [_thread_blocked, id=24756, stack(0x0000004187a00000,0x0000004187b00000)]
  0x0000019620bab800 JavaThread "http-nio-8202-exec-1" daemon [_thread_blocked, id=20824, stack(0x0000004187900000,0x0000004187a00000)]
  0x0000019620bab000 JavaThread "File Watcher" daemon [_thread_blocked, id=1888, stack(0x0000004187800000,0x0000004187900000)]
  0x0000019620ba3800 JavaThread "quartzScheduler_QuartzSchedulerThread" [_thread_blocked, id=21580, stack(0x0000004187700000,0x0000004187800000)]
  0x0000019620ba8000 JavaThread "quartzScheduler_Worker-10" [_thread_blocked, id=29248, stack(0x0000004187600000,0x0000004187700000)]
  0x0000019620ba5000 JavaThread "quartzScheduler_Worker-9" [_thread_blocked, id=27888, stack(0x0000004187500000,0x0000004187600000)]
  0x0000019620ba4000 JavaThread "quartzScheduler_Worker-8" [_thread_blocked, id=13280, stack(0x0000004187400000,0x0000004187500000)]
  0x0000019620ba2800 JavaThread "quartzScheduler_Worker-7" [_thread_blocked, id=13828, stack(0x0000004187300000,0x0000004187400000)]
  0x0000019620ba5800 JavaThread "quartzScheduler_Worker-6" [_thread_blocked, id=19084, stack(0x0000004187200000,0x0000004187300000)]
  0x0000019620b9b000 JavaThread "quartzScheduler_Worker-5" [_thread_blocked, id=26124, stack(0x0000004187100000,0x0000004187200000)]
  0x0000019620ba2000 JavaThread "quartzScheduler_Worker-4" [_thread_blocked, id=21304, stack(0x0000004187000000,0x0000004187100000)]
  0x0000019620b9d000 JavaThread "quartzScheduler_Worker-3" [_thread_blocked, id=7072, stack(0x0000004186f00000,0x0000004187000000)]
  0x0000019620b9f800 JavaThread "quartzScheduler_Worker-2" [_thread_blocked, id=29204, stack(0x0000004186e00000,0x0000004186f00000)]
  0x0000019620b9e800 JavaThread "quartzScheduler_Worker-1" [_thread_blocked, id=14548, stack(0x0000004186d00000,0x0000004186e00000)]
  0x0000019620ba1000 JavaThread "lettuce-eventExecutorLoop-35-8" daemon [_thread_blocked, id=28864, stack(0x0000004186c00000,0x0000004186d00000)]
  0x0000019620b9e000 JavaThread "lettuce-eventExecutorLoop-35-7" daemon [_thread_blocked, id=5624, stack(0x0000004186b00000,0x0000004186c00000)]
  0x0000019620b9c800 JavaThread "I/O dispatcher 96" [_thread_blocked, id=21988, stack(0x0000004186a00000,0x0000004186b00000)]
  0x0000019620b94000 JavaThread "I/O dispatcher 95" [_thread_in_native, id=28732, stack(0x0000004186900000,0x0000004186a00000)]
  0x0000019620b9a000 JavaThread "I/O dispatcher 94" [_thread_in_native, id=3032, stack(0x0000004186800000,0x0000004186900000)]
  0x0000019620b95000 JavaThread "I/O dispatcher 93" [_thread_in_native, id=21784, stack(0x0000004186700000,0x0000004186800000)]
  0x0000019620b99800 JavaThread "I/O dispatcher 92" [_thread_in_native, id=24452, stack(0x0000004186600000,0x0000004186700000)]
  0x0000019620b97000 JavaThread "I/O dispatcher 91" [_thread_in_native, id=21668, stack(0x0000004186500000,0x0000004186600000)]
  0x0000019620b98800 JavaThread "I/O dispatcher 90" [_thread_in_native, id=24016, stack(0x0000004186400000,0x0000004186500000)]
  0x0000019620b92800 JavaThread "I/O dispatcher 89" [_thread_in_native, id=26480, stack(0x0000004186300000,0x0000004186400000)]
  0x0000019620b95800 JavaThread "pool-24-thread-1" [_thread_in_native, id=23044, stack(0x0000004186200000,0x0000004186300000)]
  0x0000019620b8f800 JavaThread "lettuce-eventExecutorLoop-35-6" daemon [_thread_blocked, id=11744, stack(0x0000004186100000,0x0000004186200000)]
  0x0000019620b93800 JavaThread "lettuce-eventExecutorLoop-35-5" daemon [_thread_blocked, id=11584, stack(0x0000004186000000,0x0000004186100000)]
  0x0000019620b91000 JavaThread "lettuce-eventExecutorLoop-35-4" daemon [_thread_blocked, id=2500, stack(0x0000004185f00000,0x0000004186000000)]
  0x000001962dc67000 JavaThread "lettuce-eventExecutorLoop-35-3" daemon [_thread_blocked, id=27476, stack(0x0000004185e00000,0x0000004185f00000)]
  0x000001962dc66800 JavaThread "lettuce-eventExecutorLoop-35-2" daemon [_thread_blocked, id=7176, stack(0x0000004185d00000,0x0000004185e00000)]
  0x000001962dc63800 JavaThread "lettuce-nioEventLoop-37-1" daemon [_thread_in_native, id=8872, stack(0x0000004185c00000,0x0000004185d00000)]
  0x000001962dc64000 JavaThread "activiti-reset-expired-jobs" [_thread_blocked, id=24900, stack(0x0000004185b00000,0x0000004185c00000)]
  0x000001962dc5c000 JavaThread "activiti-acquire-timer-jobs" [_thread_blocked, id=5692, stack(0x0000004185a00000,0x0000004185b00000)]
  0x000001962dc62800 JavaThread "activiti-acquire-async-jobs" [_thread_blocked, id=21948, stack(0x0000004185800000,0x0000004185900000)]
  0x000001962dc5b000 JavaThread "Druid-ConnectionPool-Destroy-193363614" daemon [_thread_blocked, id=23544, stack(0x0000004185700000,0x0000004185800000)]
  0x000001962dc5c800 JavaThread "Druid-ConnectionPool-Create-193363614" daemon [_thread_blocked, id=3856, stack(0x0000004185600000,0x0000004185700000)]
  0x000001962dc62000 JavaThread "container-0" [_thread_blocked, id=10468, stack(0x0000004185500000,0x0000004185600000)]
  0x000001962dc60800 JavaThread "Catalina-utility-2" [_thread_blocked, id=15280, stack(0x0000004185400000,0x0000004185500000)]
  0x000001962dc59000 JavaThread "Catalina-utility-1" [_thread_blocked, id=12960, stack(0x0000004185200000,0x0000004185300000)]
  0x000001962dc5d800 JavaThread "lettuce-timer-36-1" daemon [_thread_blocked, id=17776, stack(0x0000004185000000,0x0000004185100000)]
  0x000001962dc5f800 JavaThread "lettuce-eventExecutorLoop-35-1" daemon [_thread_blocked, id=28072, stack(0x0000004184f00000,0x0000004185000000)]
  0x000001961e948000 JavaThread "Java2D Disposer" daemon [_thread_blocked, id=15404, stack(0x000000418e100000,0x000000418e200000)]
  0x0000019622804800 JavaThread "DestroyJavaVM" [_thread_blocked, id=4828, stack(0x0000004183400000,0x0000004183500000)]
  0x000001962922a800 JavaThread "RMI TCP Connection(3)-127.0.0.1" daemon [_thread_in_native, id=21884, stack(0x0000004187c00000,0x0000004187d00000)]
  0x000001962922d000 JavaThread "Live Reload Server" daemon [_thread_in_native, id=24580, stack(0x0000004187d00000,0x0000004187e00000)]
  0x000001961e93e000 JavaThread "mysql-cj-abandoned-connection-cleanup" daemon [_thread_blocked, id=21144, stack(0x0000004185900000,0x0000004185a00000)]
  0x000001962851c800 JavaThread "JMX server connection timeout 27" daemon [_thread_blocked, id=6488, stack(0x0000004185300000,0x0000004185400000)]
  0x0000019625604000 JavaThread "RMI Scheduler(0)" daemon [_thread_blocked, id=2432, stack(0x0000004185100000,0x0000004185200000)]
  0x000001961f35b000 JavaThread "RMI TCP Accept-0" daemon [_thread_in_native, id=4352, stack(0x0000004184c00000,0x0000004184d00000)]
  0x000001961f2c9800 JavaThread "RMI TCP Accept-45556" daemon [_thread_in_native, id=12760, stack(0x0000004184b00000,0x0000004184c00000)]
  0x000001961f503800 JavaThread "RMI TCP Accept-0" daemon [_thread_in_native, id=20028, stack(0x0000004184a00000,0x0000004184b00000)]
  0x000001961e5a9800 JavaThread "Service Thread" daemon [_thread_blocked, id=15180, stack(0x0000004184900000,0x0000004184a00000)]
  0x000001961e59c800 JavaThread "C1 CompilerThread3" daemon [_thread_blocked, id=7312, stack(0x0000004184800000,0x0000004184900000)]
  0x000001961e59a000 JavaThread "C2 CompilerThread2" daemon [_thread_blocked, id=26960, stack(0x0000004184700000,0x0000004184800000)]
  0x000001961e598000 JavaThread "C2 CompilerThread1" daemon [_thread_blocked, id=23248, stack(0x0000004184600000,0x0000004184700000)]
  0x000001961e594800 JavaThread "C2 CompilerThread0" daemon [_thread_blocked, id=16148, stack(0x0000004184500000,0x0000004184600000)]
  0x000001961e588000 JavaThread "JDWP Command Reader" daemon [_thread_in_native, id=21012, stack(0x0000004184400000,0x0000004184500000)]
  0x000001961e586000 JavaThread "JDWP Event Helper Thread" daemon [_thread_blocked, id=27716, stack(0x0000004184300000,0x0000004184400000)]
  0x000001961cedb800 JavaThread "JDWP Transport Listener: dt_socket" daemon [_thread_blocked, id=25032, stack(0x0000004184200000,0x0000004184300000)]
  0x000001961cec3800 JavaThread "Attach Listener" daemon [_thread_blocked, id=24532, stack(0x0000004184100000,0x0000004184200000)]
  0x000001961ce58000 JavaThread "Signal Dispatcher" daemon [_thread_blocked, id=14176, stack(0x0000004184000000,0x0000004184100000)]
  0x000001961ce39000 JavaThread "Finalizer" daemon [_thread_blocked, id=15336, stack(0x0000004183f00000,0x0000004184000000)]
  0x000001961ce29800 JavaThread "Reference Handler" daemon [_thread_blocked, id=24372, stack(0x0000004183e00000,0x0000004183f00000)]

Other Threads:
  0x000001961c22e800 VMThread [stack: 0x0000004183d00000,0x0000004183e00000] [id=20208]
  0x000001961f35b800 WatcherThread [stack: 0x0000004184d00000,0x0000004184e00000] [id=3172]

=>0x000001967cd30800 (exited) GCTaskThread [stack: 0x0000004183c00000,0x0000004183d00000] [id=5608]

VM state:at safepoint (normal execution)

VM Mutex/Monitor currently owned by a thread:  ([mutex/lock_event])
[0x000001967cd08c30] Threads_lock - owner thread: 0x000001961c22e800
[0x000001967cd08d30] Heap_lock - owner thread: 0x000001962851c800

heap address: 0x0000000645600000, size: 6058 MB, Compressed Oops mode: Zero based, Oop shift amount: 3
Narrow klass base: 0x0000000000000000, Narrow klass shift: 3
Compressed class space size: 1073741824 Address: 0x00000007c0000000

Heap:
 PSYoungGen      total 951808K, used 951431K [0x0000000741d00000, 0x0000000789d80000, 0x00000007c0000000)
  eden space 920576K, 100% used [0x0000000741d00000,0x000000077a000000,0x000000077a000000)
  from space 31232K, 98% used [0x0000000787f00000,0x0000000789d21df0,0x0000000789d80000)
  to   space 54272K, 56% used [0x0000000783380000,0x0000000785189df0,0x0000000786880000)
 ParOldGen       total 402432K, used 322176K [0x0000000645600000, 0x000000065df00000, 0x0000000741d00000)
  object space 402432K, 80% used [0x0000000645600000,0x00000006590a0290,0x000000065df00000)
 Metaspace       used 183099K, capacity 194203K, committed 194380K, reserved 1222656K
  class space    used 19854K, capacity 21834K, committed 21848K, reserved 1048576K

Card table byte_map: [0x000001967ead0000,0x000001967f6b0000] byte_map_base: 0x000001967b8a5000

Marking Bits: (ParMarkBitMap*) 0x000000005893d980
 Begin Bits: [0x000001960f000000, 0x0000019614ea8000)
 End Bits:   [0x0000019614ea8000, 0x000001961ad50000)

Polling page: 0x000001967cf30000

CodeCache: size=245760Kb used=79743Kb max_used=80149Kb free=166016Kb
 bounds [0x0000019600000000, 0x0000019604ed0000, 0x000001960f000000]
 total_blobs=20861 nmethods=19963 adapters=816
 compilation: enabled

Compilation events (10 events):
Event: 7972.494 Thread 0x000001961e59c800 25512       3       io.netty.channel.AbstractChannelHandlerContext::invokeChannelRegistered (36 bytes)
Event: 7972.495 Thread 0x000001961e59c800 nmethod 25512 0x0000019600e3a250 code [0x0000019600e3a420, 0x0000019600e3ab50]
Event: 7995.521 Thread 0x000001961e598000 25513   !   4       com.mysql.cj.jdbc.ClientPreparedStatement::checkBounds (192 bytes)
Event: 7995.527 Thread 0x000001961e598000 nmethod 25513 0x00000196004d4e90 code [0x00000196004d4fe0, 0x00000196004d5378]
Event: 8003.953 Thread 0x000001961e594800 25514       4       java.util.concurrent.ConcurrentHashMap$ValueIterator::next (34 bytes)
Event: 8003.958 Thread 0x000001961e594800 nmethod 25514 0x0000019600e39c90 code [0x0000019600e39de0, 0x0000019600e3a038]
Event: 8021.187 Thread 0x000001961e59c800 25515       1       com.alibaba.druid.pool.DruidDataSource::access$1400 (5 bytes)
Event: 8021.188 Thread 0x000001961e59c800 nmethod 25515 0x0000019604eb3dd0 code [0x0000019604eb3f20, 0x0000019604eb4018]
Event: 8095.602 Thread 0x000001961e598000 25516       4       java.util.concurrent.atomic.AtomicIntegerFieldUpdater$AtomicIntegerFieldUpdaterImpl::set (18 bytes)
Event: 8095.603 Thread 0x000001961e598000 nmethod 25516 0x000001960036d710 code [0x000001960036d860, 0x000001960036d9d8]

GC Heap History (10 events):
Event: 3485.829 GC heap after
Heap after GC invocations=57 (full 15):
 PSYoungGen      total 1117696K, used 44963K [0x0000000741d00000, 0x000000078fb00000, 0x00000007c0000000)
  eden space 1072640K, 0% used [0x0000000741d00000,0x0000000741d00000,0x0000000783480000)
  from space 45056K, 99% used [0x000000078cf00000,0x000000078fae8f30,0x000000078fb00000)
  to   space 57856K, 0% used [0x0000000788a00000,0x0000000788a00000,0x000000078c280000)
 ParOldGen       total 402432K, used 312784K [0x0000000645600000, 0x000000065df00000, 0x0000000741d00000)
  object space 402432K, 77% used [0x0000000645600000,0x00000006587741e0,0x000000065df00000)
 Metaspace       used 182913K, capacity 194071K, committed 194124K, reserved 1222656K
  class space    used 19854K, capacity 21834K, committed 21848K, reserved 1048576K
}
Event: 4467.129 GC heap before
{Heap before GC invocations=58 (full 15):
 PSYoungGen      total 1117696K, used 1117603K [0x0000000741d00000, 0x000000078fb00000, 0x00000007c0000000)
  eden space 1072640K, 100% used [0x0000000741d00000,0x0000000783480000,0x0000000783480000)
  from space 45056K, 99% used [0x000000078cf00000,0x000000078fae8f30,0x000000078fb00000)
  to   space 57856K, 0% used [0x0000000788a00000,0x0000000788a00000,0x000000078c280000)
 ParOldGen       total 402432K, used 312784K [0x0000000645600000, 0x000000065df00000, 0x0000000741d00000)
  object space 402432K, 77% used [0x0000000645600000,0x00000006587741e0,0x000000065df00000)
 Metaspace       used 182971K, capacity 194071K, committed 194124K, reserved 1222656K
  class space    used 19854K, capacity 21834K, committed 21848K, reserved 1048576K
Event: 4467.162 GC heap after
Heap after GC invocations=58 (full 15):
 PSYoungGen      total 1072128K, used 40204K [0x0000000741d00000, 0x000000078cf80000, 0x00000007c0000000)
  eden space 1031680K, 0% used [0x0000000741d00000,0x0000000741d00000,0x0000000780c80000)
  from space 40448K, 99% used [0x0000000788a00000,0x000000078b1431f0,0x000000078b180000)
  to   space 30720K, 0% used [0x000000078b180000,0x000000078b180000,0x000000078cf80000)
 ParOldGen       total 402432K, used 312792K [0x0000000645600000, 0x000000065df00000, 0x0000000741d00000)
  object space 402432K, 77% used [0x0000000645600000,0x00000006587761e0,0x000000065df00000)
 Metaspace       used 182971K, capacity 194071K, committed 194124K, reserved 1222656K
  class space    used 19854K, capacity 21834K, committed 21848K, reserved 1048576K
}
Event: 5413.642 GC heap before
{Heap before GC invocations=59 (full 15):
 PSYoungGen      total 1072128K, used 1071884K [0x0000000741d00000, 0x000000078cf80000, 0x00000007c0000000)
  eden space 1031680K, 100% used [0x0000000741d00000,0x0000000780c80000,0x0000000780c80000)
  from space 40448K, 99% used [0x0000000788a00000,0x000000078b1431f0,0x000000078b180000)
  to   space 30720K, 0% used [0x000000078b180000,0x000000078b180000,0x000000078cf80000)
 ParOldGen       total 402432K, used 312792K [0x0000000645600000, 0x000000065df00000, 0x0000000741d00000)
  object space 402432K, 77% used [0x0000000645600000,0x00000006587761e0,0x000000065df00000)
 Metaspace       used 183057K, capacity 194139K, committed 194380K, reserved 1222656K
  class space    used 19854K, capacity 21834K, committed 21848K, reserved 1048576K
Event: 5413.661 GC heap after
Heap after GC invocations=59 (full 15):
 PSYoungGen      total 1023488K, used 30706K [0x0000000741d00000, 0x000000078cf80000, 0x00000007c0000000)
  eden space 992768K, 0% used [0x0000000741d00000,0x0000000741d00000,0x000000077e680000)
  from space 30720K, 99% used [0x000000078b180000,0x000000078cf7ca10,0x000000078cf80000)
  to   space 56832K, 0% used [0x0000000786080000,0x0000000786080000,0x0000000789800000)
 ParOldGen       total 402432K, used 322168K [0x0000000645600000, 0x000000065df00000, 0x0000000741d00000)
  object space 402432K, 80% used [0x0000000645600000,0x000000065909e290,0x000000065df00000)
 Metaspace       used 183057K, capacity 194139K, committed 194380K, reserved 1222656K
  class space    used 19854K, capacity 21834K, committed 21848K, reserved 1048576K
}
Event: 6340.123 GC heap before
{Heap before GC invocations=60 (full 15):
 PSYoungGen      total 1023488K, used 1023474K [0x0000000741d00000, 0x000000078cf80000, 0x00000007c0000000)
  eden space 992768K, 100% used [0x0000000741d00000,0x000000077e680000,0x000000077e680000)
  from space 30720K, 99% used [0x000000078b180000,0x000000078cf7ca10,0x000000078cf80000)
  to   space 56832K, 0% used [0x0000000786080000,0x0000000786080000,0x0000000789800000)
 ParOldGen       total 402432K, used 322168K [0x0000000645600000, 0x000000065df00000, 0x0000000741d00000)
  object space 402432K, 80% used [0x0000000645600000,0x000000065909e290,0x000000065df00000)
 Metaspace       used 183070K, capacity 194139K, committed 194380K, reserved 1222656K
  class space    used 19854K, capacity 21834K, committed 21848K, reserved 1048576K
Event: 6340.177 GC heap after
Heap after GC invocations=60 (full 15):
 PSYoungGen      total 987136K, used 30855K [0x0000000741d00000, 0x000000078b200000, 0x00000007c0000000)
  eden space 955904K, 0% used [0x0000000741d00000,0x0000000741d00000,0x000000077c280000)
  from space 31232K, 98% used [0x0000000786080000,0x0000000787ea1db0,0x0000000787f00000)
  to   space 52224K, 0% used [0x0000000787f00000,0x0000000787f00000,0x000000078b200000)
 ParOldGen       total 402432K, used 322168K [0x0000000645600000, 0x000000065df00000, 0x0000000741d00000)
  object space 402432K, 80% used [0x0000000645600000,0x000000065909e290,0x000000065df00000)
 Metaspace       used 183070K, capacity 194139K, committed 194380K, reserved 1222656K
  class space    used 19854K, capacity 21834K, committed 21848K, reserved 1048576K
}
Event: 7236.500 GC heap before
{Heap before GC invocations=61 (full 15):
 PSYoungGen      total 987136K, used 986759K [0x0000000741d00000, 0x000000078b200000, 0x00000007c0000000)
  eden space 955904K, 100% used [0x0000000741d00000,0x000000077c280000,0x000000077c280000)
  from space 31232K, 98% used [0x0000000786080000,0x0000000787ea1db0,0x0000000787f00000)
  to   space 52224K, 0% used [0x0000000787f00000,0x0000000787f00000,0x000000078b200000)
 ParOldGen       total 402432K, used 322168K [0x0000000645600000, 0x000000065df00000, 0x0000000741d00000)
  object space 402432K, 80% used [0x0000000645600000,0x000000065909e290,0x000000065df00000)
 Metaspace       used 183093K, capacity 194203K, committed 194380K, reserved 1222656K
  class space    used 19854K, capacity 21834K, committed 21848K, reserved 1048576K
Event: 7236.533 GC heap after
Heap after GC invocations=61 (full 15):
 PSYoungGen      total 951808K, used 30855K [0x0000000741d00000, 0x0000000789d80000, 0x00000007c0000000)
  eden space 920576K, 0% used [0x0000000741d00000,0x0000000741d00000,0x000000077a000000)
  from space 31232K, 98% used [0x0000000787f00000,0x0000000789d21df0,0x0000000789d80000)
  to   space 54272K, 0% used [0x0000000783380000,0x0000000783380000,0x0000000786880000)
 ParOldGen       total 402432K, used 322168K [0x0000000645600000, 0x000000065df00000, 0x0000000741d00000)
  object space 402432K, 80% used [0x0000000645600000,0x000000065909e290,0x000000065df00000)
 Metaspace       used 183093K, capacity 194203K, committed 194380K, reserved 1222656K
  class space    used 19854K, capacity 21834K, committed 21848K, reserved 1048576K
}
Event: 8103.552 GC heap before
{Heap before GC invocations=62 (full 15):
 PSYoungGen      total 951808K, used 951431K [0x0000000741d00000, 0x0000000789d80000, 0x00000007c0000000)
  eden space 920576K, 100% used [0x0000000741d00000,0x000000077a000000,0x000000077a000000)
  from space 31232K, 98% used [0x0000000787f00000,0x0000000789d21df0,0x0000000789d80000)
  to   space 54272K, 0% used [0x0000000783380000,0x0000000783380000,0x0000000786880000)
 ParOldGen       total 402432K, used 322168K [0x0000000645600000, 0x000000065df00000, 0x0000000741d00000)
  object space 402432K, 80% used [0x0000000645600000,0x000000065909e290,0x000000065df00000)
 Metaspace       used 183099K, capacity 194203K, committed 194380K, reserved 1222656K
  class space    used 19854K, capacity 21834K, committed 21848K, reserved 1048576K

Deoptimization events (10 events):
Event: 3439.773 Thread 0x0000019620baa000 Uncommon trap: reason=unstable_if action=reinterpret pc=0x0000019601a6cef8 method=com.alibaba.fastjson.asm.Item.isEqualTo(Lcom/alibaba/fastjson/asm/Item;)Z @ 200
Event: 3444.667 Thread 0x000001962575d000 Uncommon trap: reason=bimorphic action=maybe_recompile pc=0x0000019603d6ded4 method=com.fasterxml.jackson.databind.introspect.AnnotatedClass.getAnnotation(Ljava/lang/Class;)Ljava/lang/annotation/Annotation; @ 5
Event: 3444.667 Thread 0x000001962575d000 Uncommon trap: reason=bimorphic action=maybe_recompile pc=0x0000019603d6ded4 method=com.fasterxml.jackson.databind.introspect.AnnotatedClass.getAnnotation(Ljava/lang/Class;)Ljava/lang/annotation/Annotation; @ 5
Event: 3444.667 Thread 0x000001962575d000 Uncommon trap: reason=bimorphic action=maybe_recompile pc=0x0000019603d6ded4 method=com.fasterxml.jackson.databind.introspect.AnnotatedClass.getAnnotation(Ljava/lang/Class;)Ljava/lang/annotation/Annotation; @ 5
Event: 3444.667 Thread 0x000001962575d000 Uncommon trap: reason=bimorphic action=maybe_recompile pc=0x0000019603d6ded4 method=com.fasterxml.jackson.databind.introspect.AnnotatedClass.getAnnotation(Ljava/lang/Class;)Ljava/lang/annotation/Annotation; @ 5
Event: 3454.115 Thread 0x0000019620ba7000 Uncommon trap: reason=range_check action=make_not_entrant pc=0x0000019602f2ccec method=sun.nio.cs.ext.DoubleByte$Encoder.encode([CII[B)I @ 80
Event: 3454.115 Thread 0x0000019620ba7000 Uncommon trap: reason=unstable_if action=reinterpret pc=0x0000019602129c08 method=sun.nio.cs.ext.DoubleByte$Encoder.encode([CII[B)I @ 39
Event: 3454.424 Thread 0x000001962575d800 Uncommon trap: reason=unstable_if action=reinterpret pc=0x00000196041998cc method=net.sf.jsqlparser.parser.CCJSqlParser.jj_3_55()Z @ 12
Event: 3454.424 Thread 0x000001962575d800 Uncommon trap: reason=unstable_if action=reinterpret pc=0x000001960417524c method=net.sf.jsqlparser.parser.CCJSqlParser.jj_3_55()Z @ 12
Event: 7510.348 Thread 0x000001962dc60800 Uncommon trap: reason=unstable_if action=reinterpret pc=0x0000019604e1a39c method=java.util.concurrent.ScheduledThreadPoolExecutor$DelayedWorkQueue.take()Ljava/util/concurrent/RunnableScheduledFuture; @ 59

Classes redefined (0 events):
No events

Internal exceptions (10 events):
Event: 7444.479 Thread 0x0000019629236800 Exception <a 'java/io/IOException'> (0x000000074b9cbf10) thrown at [C:\jenkins\workspace\8-2-build-windows-x64-cygwin\jdk8u371\3355\hotspot\src\share\vm\prims\jni.cpp, line 710]
Event: 7510.450 Thread 0x0000019629233000 Exception <a 'java/io/IOException'> (0x000000074f8460a8) thrown at [C:\jenkins\workspace\8-2-build-windows-x64-cygwin\jdk8u371\3355\hotspot\src\share\vm\prims\jni.cpp, line 710]
Event: 7576.410 Thread 0x0000019629234800 Exception <a 'java/io/IOException'> (0x00000007546113e8) thrown at [C:\jenkins\workspace\8-2-build-windows-x64-cygwin\jdk8u371\3355\hotspot\src\share\vm\prims\jni.cpp, line 710]
Event: 7642.405 Thread 0x0000019629238000 Exception <a 'java/io/IOException'> (0x000000075847ebd0) thrown at [C:\jenkins\workspace\8-2-build-windows-x64-cygwin\jdk8u371\3355\hotspot\src\share\vm\prims\jni.cpp, line 710]
Event: 7708.458 Thread 0x0000019629235000 Exception <a 'java/io/IOException'> (0x000000075c2e4928) thrown at [C:\jenkins\workspace\8-2-build-windows-x64-cygwin\jdk8u371\3355\hotspot\src\share\vm\prims\jni.cpp, line 710]
Event: 7774.385 Thread 0x0000019629236000 Exception <a 'java/io/IOException'> (0x0000000761093dd0) thrown at [C:\jenkins\workspace\8-2-build-windows-x64-cygwin\jdk8u371\3355\hotspot\src\share\vm\prims\jni.cpp, line 710]
Event: 7840.471 Thread 0x000001962dc63800 Exception <a 'java/io/IOException'> (0x0000000764f6ffd8) thrown at [C:\jenkins\workspace\8-2-build-windows-x64-cygwin\jdk8u371\3355\hotspot\src\share\vm\prims\jni.cpp, line 710]
Event: 7906.481 Thread 0x0000019629232000 Exception <a 'java/io/IOException'> (0x000000074b9acfd8) thrown at [C:\jenkins\workspace\8-2-build-windows-x64-cygwin\jdk8u371\3355\hotspot\src\share\vm\prims\jni.cpp, line 710]
Event: 7972.410 Thread 0x0000019629236800 Exception <a 'java/io/IOException'> (0x000000074f8255b0) thrown at [C:\jenkins\workspace\8-2-build-windows-x64-cygwin\jdk8u371\3355\hotspot\src\share\vm\prims\jni.cpp, line 710]
Event: 8038.384 Thread 0x0000019629233000 Exception <a 'java/io/IOException'> (0x00000007545f2208) thrown at [C:\jenkins\workspace\8-2-build-windows-x64-cygwin\jdk8u371\3355\hotspot\src\share\vm\prims\jni.cpp, line 710]

Events (10 events):
Event: 8038.384 Thread 0x0000019629233000 DEOPT PACKING pc=0x00000196040708b4 sp=0x00000041831fe9a0
Event: 8038.385 Thread 0x0000019629233000 DEOPT UNPACKING pc=0x0000019600047918 sp=0x00000041831fe760 mode 1
Event: 8038.400 Executing VM operation: RevokeBias
Event: 8038.401 Executing VM operation: RevokeBias done
Event: 8038.402 Executing VM operation: RevokeBias
Event: 8038.402 Executing VM operation: RevokeBias done
Event: 8095.603 Thread 0x000001961e598000 flushing nmethod 0x00000196017d1e10
Event: 8095.604 Thread 0x000001961e598000 flushing nmethod 0x000001960180be90
Event: 8095.605 Thread 0x000001961e598000 flushing nmethod 0x0000019601966a90
Event: 8103.550 Executing VM operation: ParallelGCFailedAllocation


Dynamic libraries:
0x00007ff778700000 - 0x00007ff77874a000 	C:\Program Files (x86)\Java\jdk-1.8\bin\java.exe
0x00007ff860e50000 - 0x00007ff861048000 	C:\WINDOWS\SYSTEM32\ntdll.dll
0x00007ff8604b0000 - 0x00007ff860571000 	C:\WINDOWS\System32\KERNEL32.DLL
0x00007ff85e910000 - 0x00007ff85ec06000 	C:\WINDOWS\System32\KERNELBASE.dll
0x00007ff860580000 - 0x00007ff860630000 	C:\WINDOWS\System32\ADVAPI32.dll
0x00007ff860bc0000 - 0x00007ff860c5e000 	C:\WINDOWS\System32\msvcrt.dll
0x00007ff860b20000 - 0x00007ff860bc0000 	C:\WINDOWS\System32\sechost.dll
0x00007ff860170000 - 0x00007ff860293000 	C:\WINDOWS\System32\RPCRT4.dll
0x00007ff85e6e0000 - 0x00007ff85e707000 	C:\WINDOWS\System32\bcrypt.dll
0x00007ff85f340000 - 0x00007ff85f4df000 	C:\WINDOWS\System32\USER32.dll
0x00007ff85e500000 - 0x00007ff85e522000 	C:\WINDOWS\System32\win32u.dll
0x00007ff85fd00000 - 0x00007ff85fd2b000 	C:\WINDOWS\System32\GDI32.dll
0x00007ff85ec10000 - 0x00007ff85ed27000 	C:\WINDOWS\System32\gdi32full.dll
0x00007ff85ed30000 - 0x00007ff85edcd000 	C:\WINDOWS\System32\msvcp_win.dll
0x00007ff85e810000 - 0x00007ff85e910000 	C:\WINDOWS\System32\ucrtbase.dll
0x00007ff835790000 - 0x00007ff835a2a000 	C:\WINDOWS\WinSxS\amd64_microsoft.windows.common-controls_6595b64144ccf1df_6.0.19041.4355_none_60b8b9eb71f62e16\COMCTL32.dll
0x00007ff85f080000 - 0x00007ff85f0af000 	C:\WINDOWS\System32\IMM32.DLL
0x00007ff817c60000 - 0x00007ff817c7b000 	C:\Program Files (x86)\Java\jdk-1.8\jre\bin\vcruntime140.dll
0x00007ff855120000 - 0x00007ff85512c000 	C:\Program Files (x86)\Java\jdk-1.8\jre\bin\vcruntime140_1.dll
0x00007ff816070000 - 0x00007ff8160fe000 	C:\Program Files (x86)\Java\jdk-1.8\jre\bin\msvcp140.dll
0x0000000058110000 - 0x00000000589b7000 	C:\Program Files (x86)\Java\jdk-1.8\jre\bin\server\jvm.dll
0x00007ff860630000 - 0x00007ff860638000 	C:\WINDOWS\System32\PSAPI.DLL
0x00007ff84c710000 - 0x00007ff84c737000 	C:\WINDOWS\SYSTEM32\WINMM.dll
0x00007ff8375c0000 - 0x00007ff8375c9000 	C:\WINDOWS\SYSTEM32\WSOCK32.dll
0x00007ff8546c0000 - 0x00007ff8546ca000 	C:\WINDOWS\SYSTEM32\VERSION.dll
0x00007ff860310000 - 0x00007ff86037b000 	C:\WINDOWS\System32\WS2_32.dll
0x00007ff85ccd0000 - 0x00007ff85cce2000 	C:\WINDOWS\SYSTEM32\kernel.appcore.dll
0x00007ff82e930000 - 0x00007ff82e940000 	C:\Program Files (x86)\Java\jdk-1.8\jre\bin\verify.dll
0x00007ff82e900000 - 0x00007ff82e92b000 	C:\Program Files (x86)\Java\jdk-1.8\jre\bin\java.dll
0x00007ff81d220000 - 0x00007ff81d256000 	C:\Program Files (x86)\Java\jdk-1.8\jre\bin\jdwp.dll
0x00007ff8556f0000 - 0x00007ff8556f9000 	C:\Program Files (x86)\Java\jdk-1.8\jre\bin\npt.dll
0x00007ff82e650000 - 0x00007ff82e668000 	C:\Program Files (x86)\Java\jdk-1.8\jre\bin\zip.dll
0x00007ff85f590000 - 0x00007ff85fcfc000 	C:\WINDOWS\System32\SHELL32.dll
0x00007ff85c260000 - 0x00007ff85c9fe000 	C:\WINDOWS\SYSTEM32\windows.storage.dll
0x00007ff85fd30000 - 0x00007ff860083000 	C:\WINDOWS\System32\combase.dll
0x00007ff85de40000 - 0x00007ff85de6e000 	C:\WINDOWS\SYSTEM32\Wldp.dll
0x00007ff85f110000 - 0x00007ff85f1dd000 	C:\WINDOWS\System32\OLEAUT32.dll
0x00007ff85f4e0000 - 0x00007ff85f58d000 	C:\WINDOWS\System32\SHCORE.dll
0x00007ff85f0b0000 - 0x00007ff85f105000 	C:\WINDOWS\System32\shlwapi.dll
0x00007ff85e430000 - 0x00007ff85e454000 	C:\WINDOWS\SYSTEM32\profapi.dll
0x00007ff855100000 - 0x00007ff85510a000 	C:\Program Files (x86)\Java\jdk-1.8\jre\bin\dt_socket.dll
0x00007ff838cb0000 - 0x00007ff838cc7000 	C:\WINDOWS\system32\napinsp.dll
0x00007ff838c90000 - 0x00007ff838cab000 	C:\WINDOWS\system32\pnrpnsp.dll
0x00007ff8585a0000 - 0x00007ff8585b5000 	C:\WINDOWS\system32\wshbth.dll
0x00007ff858360000 - 0x00007ff85837d000 	C:\WINDOWS\system32\NLAapi.dll
0x00007ff85d8d0000 - 0x00007ff85d90b000 	C:\WINDOWS\SYSTEM32\IPHLPAPI.DLL
0x00007ff85dc20000 - 0x00007ff85dc8a000 	C:\WINDOWS\System32\mswsock.dll
0x00007ff85d910000 - 0x00007ff85d9da000 	C:\WINDOWS\SYSTEM32\DNSAPI.dll
0x00007ff860b10000 - 0x00007ff860b18000 	C:\WINDOWS\System32\NSI.dll
0x00007ff838aa0000 - 0x00007ff838ab2000 	C:\WINDOWS\System32\winrnr.dll
0x00007ff850f70000 - 0x00007ff850ff0000 	C:\WINDOWS\System32\fwpuclnt.dll
0x00007ff854640000 - 0x00007ff85464a000 	C:\Windows\System32\rasadhlp.dll
0x00007ff827f60000 - 0x00007ff827f6d000 	C:\Program Files (x86)\Java\jdk-1.8\jre\bin\management.dll
0x00007ff82bbf0000 - 0x00007ff82bc0c000 	C:\Program Files (x86)\Java\jdk-1.8\jre\bin\net.dll
0x00007ff82bbd0000 - 0x00007ff82bbe3000 	C:\Program Files (x86)\Java\jdk-1.8\jre\bin\nio.dll
0x00007ff85de80000 - 0x00007ff85de98000 	C:\WINDOWS\SYSTEM32\CRYPTSP.dll
0x00007ff85d4f0000 - 0x00007ff85d524000 	C:\WINDOWS\system32\rsaenh.dll
0x00007ff85e3a0000 - 0x00007ff85e3ce000 	C:\WINDOWS\SYSTEM32\USERENV.dll
0x00007ff85e710000 - 0x00007ff85e792000 	C:\WINDOWS\System32\bcryptprimitives.dll
0x00007ff85ddb0000 - 0x00007ff85ddbc000 	C:\WINDOWS\SYSTEM32\CRYPTBASE.dll
0x00007ff854650000 - 0x00007ff854667000 	C:\WINDOWS\SYSTEM32\dhcpcsvc6.DLL
0x00007ff854620000 - 0x00007ff85463d000 	C:\WINDOWS\SYSTEM32\dhcpcsvc.DLL
0x00007ff82a790000 - 0x00007ff82a7b5000 	C:\Program Files (x86)\Java\jdk-1.8\jre\bin\sunec.dll
0x00007ff855700000 - 0x00007ff85570d000 	C:\Program Files (x86)\Java\jdk-1.8\jre\bin\sunmscapi.dll
0x00007ff85e530000 - 0x00007ff85e68e000 	C:\WINDOWS\System32\CRYPT32.dll
0x00007ff85df90000 - 0x00007ff85dfb9000 	C:\WINDOWS\SYSTEM32\ncrypt.dll
0x00007ff85df50000 - 0x00007ff85df8b000 	C:\WINDOWS\SYSTEM32\NTASN1.dll
0x00007ff804af0000 - 0x00007ff804c6e000 	C:\Program Files (x86)\Java\jdk-1.8\jre\bin\awt.dll
0x00007ff857f00000 - 0x00007ff857f94000 	C:\WINDOWS\SYSTEM32\apphelp.dll
0x00007ff85b980000 - 0x00007ff85b9af000 	C:\WINDOWS\system32\DWMAPI.DLL
0x00007ff858ea0000 - 0x00007ff858f3e000 	C:\WINDOWS\system32\uxtheme.dll
0x00007ff813680000 - 0x00007ff8136cf000 	C:\Program Files (x86)\Java\jdk-1.8\jre\bin\fontmanager.dll
0x00007ff80d880000 - 0x00007ff80d8c3000 	C:\Program Files (x86)\Java\jdk-1.8\jre\bin\t2k.dll
0x00007ff818c90000 - 0x00007ff818cba000 	C:\Program Files (x86)\Java\jdk-1.8\jre\bin\dcpr.dll
0x00007ff85cad0000 - 0x00007ff85ccb4000 	C:\WINDOWS\SYSTEM32\dbghelp.dll

VM Arguments:
jvm_args: -agentlib:jdwp=transport=dt_socket,server=n,suspend=y,address=localhost:54572 -Dspring.jmx.enabled=true -Dmanagement.endpoints.jmx.exposure.include=* -Dspring.application.admin.enabled=true -Dspring.boot.project.name=ruoyi-admin -Djava.rmi.server.hostname=localhost -Dcom.sun.management.jmxremote.port=45556 -Dcom.sun.management.jmxremote.authenticate=false -Dcom.sun.management.jmxremote.ssl=false 
java_command: com.ruoyi.RuoYiApplication
java_class_path (initial): C:\Users\Qyentnar\AppData\Local\Temp\cp_65evsoboeyo7pjs8ft5kfeo1k.jar
Launcher Type: SUN_STANDARD

Environment Variables:
JAVA_HOME=C:\Program Files (x86)\Java\jdk-1.8
CLASSPATH=.;C:\Program Files (x86)\Java\jdk-1.8\lib\dt.jar;C:\Program Files (x86)\Java\jdk-1.8\lib\tools.jar;
PATH=C:\ProgramData\Oracle\Java\javapath;D:\999.OracleDB\product\11.2.0\dbhome_1\bin;C:\Program Files (x86)\Java\jdk-1.8\bin;D:\105.WMS\02.Environment\apache-maven-3.8.1\bin;C:\Program Files (x86)\Common Files\Oracle\Java\javapath;C:\Program Files\Git\cmd;C:\Program Files (x86)\Python27;C:\Program Files (x86)\Python27\Scripts;C:\WINDOWS\system32;C:\WINDOWS;C:\WINDOWS\System32\Wbem;C:\WINDOWS\System32\WindowsPowerShell\v1.0\;C:\WINDOWS\System32\OpenSSH\;C:\Program Files\Microsoft SQL Server\Client SDK\ODBC\170\Tools\Binn\;C:\Program Files\Microsoft SQL Server\150\Tools\Binn\;C:\Program Files\dotnet\;C:\Program Files\TortoiseSVN\bin;C:\Program Files\Microsoft SQL Server\130\Tools\Binn\;C:\Program Files (x86)\dotnet\;C:\Program Files\Microsoft SQL Server\120\DTS\Binn\;C:\Program Files\Microsoft SQL Server\Client SDK\ODBC\110\Tools\Binn\;C:\Program Files (x86)\Microsoft SQL Server\120\Tools\Binn\;C:\Program Files\Microsoft SQL Server\120\Tools\Binn\;C:\Program Files (x86)\Microsoft SQL Server\120\Tools\Binn\ManagementStudio\;C:\Program Files (x86)\Microsoft SQL Server\120\DTS\Binn\;C:\Program Files\jpegoptim;C:\Program Files\Git\usr\bin;D:\phpstudy_pro\Extensions\php\php7.3.4nts;C:\ProgramData\chocolatey\bin;D:\phpstudy_pro\Extensions\MySQL8.0.12\bin;D:\998.My Project\02.Environment\redis3.0.504;C:\Program Files (x86)\Windows Kits\10\Windows Performance Toolkit\;C:\Program Files\nodejs\;C:\Users\Qyentnar\AppData\Local\Microsoft\WindowsApps;C:\Users\Qyentnar\AppData\Local\GitHubDesktop\bin;C:\Program Files\JetBrains\IntelliJ IDEA 2021.1.3\bin;;C:\Users\Qyentnar\AppData\Local\Programs\Microsoft VS Code\bin;C:\Users\Qyentnar\.dotnet\tools;C:\Users\Qyentnar\AppData\Roaming\npm
USERNAME=Qyentnar
OS=Windows_NT
PROCESSOR_IDENTIFIER=Intel64 Family 6 Model 140 Stepping 1, GenuineIntel



---------------  S Y S T E M  ---------------

OS: Windows 10 , 64 bit Build 19041 (10.0.19041.4597)

CPU:total 8 (initial active 8) (4 cores per cpu, 2 threads per core) family 6 model 140 stepping 1, cmov, cx8, fxsr, mmx, sse, sse2, sse3, ssse3, sse4.1, sse4.2, popcnt, avx, avx2, aes, clmul, erms, 3dnowpref, lzcnt, ht, tsc, tscinvbit, bmi1, bmi2, adx

Memory: 4k page, physical 24812200k(4329496k free), swap 53123752k(11895512k free)

vm_info: Java HotSpot(TM) 64-Bit Server VM (25.371-b11) for windows-amd64 JRE (1.8.0_371-b11), built on Mar 17 2023 04:03:45 by "java_re" with MS VC++ 17.1 (VS2022)

time: Fri Aug  9 18:11:03 2024
timezone: SE Asia Standard Time
elapsed time: 8103.645976 seconds (0d 2h 15m 3s)

